Log file open, 10/30/21 20:38:13
LogWindows: Failed to load 'aqProf.dll' (GetLastError=126)
LogWindows: File 'aqProf.dll' does not exist
LogWindows: Failed to load 'VtuneApi.dll' (GetLastError=126)
LogWindows: File 'VtuneApi.dll' does not exist
LogWindows: Failed to load 'VtuneApi32e.dll' (GetLastError=126)
LogWindows: File 'VtuneApi32e.dll' does not exist
LogConsoleResponse: Display: Failed to find resolution value strings in scalability ini. Falling back to default.
LogConsoleResponse: Display: Failed to find resolution value strings in scalability ini. Falling back to default.
LogInit: Display: Running engine for game: PiGame
LogPlatformFile: Not using cached read wrapper
LogTaskGraph: Started task graph with 5 named threads and 23 total threads with 3 sets of task threads.
LogStats: Stats thread started at 0.361915
LogICUInternationalization: ICU TimeZone Detection - Raw Offset: +0:00, Platform Override: ''
LogInit: Display: Loading text-based GConfig....
LogPluginManager: Mounting plugin MeshPainting
LogPluginManager: Mounting plugin XGEController
LogPluginManager: Mounting plugin Paper2D
LogPluginManager: Mounting plugin LightPropagationVolume
LogPluginManager: Mounting plugin AISupport
LogPluginManager: Mounting plugin EnvironmentQueryEditor
LogPluginManager: Mounting plugin LiveLink
LogPluginManager: Mounting plugin GameplayCameras
LogPluginManager: Mounting plugin CameraShakePreviewer
LogPluginManager: Mounting plugin AnimationSharing
LogPluginManager: Mounting plugin CLionSourceCodeAccess
LogPluginManager: Mounting plugin OodleData
LogPluginManager: Mounting plugin CodeLiteSourceCodeAccess
LogPluginManager: Mounting plugin GitSourceControl
LogPluginManager: Mounting plugin KDevelopSourceCodeAccess
LogPluginManager: Mounting plugin NullSourceCodeAccess
LogPluginManager: Mounting plugin PixWinPlugin
LogPluginManager: Mounting plugin PerforceSourceControl
LogPluginManager: Mounting plugin PlasticSourceControl
LogPluginManager: Mounting plugin OodleNetwork
LogPluginManager: Mounting plugin PluginUtils
LogPluginManager: Mounting plugin PropertyAccessNode
LogPluginManager: Mounting plugin RiderSourceCodeAccess
LogPluginManager: Mounting plugin SubversionSourceControl
LogPluginManager: Mounting plugin TextureFormatOodle
LogPluginManager: Mounting plugin UObjectPlugin
LogPluginManager: Mounting plugin VisualStudioCodeSourceCodeAccess
LogPluginManager: Mounting plugin VisualStudioSourceCodeAccess
LogPluginManager: Mounting plugin XCodeSourceCodeAccess
LogPluginManager: Mounting plugin AssetManagerEditor
LogPluginManager: Mounting plugin CryptoKeys
LogPluginManager: Mounting plugin CurveEditorTools
LogPluginManager: Mounting plugin DataValidation
LogPluginManager: Mounting plugin GameplayTagsEditor
LogPluginManager: Mounting plugin FacialAnimation
LogPluginManager: Mounting plugin GeometryMode
LogPluginManager: Mounting plugin MacGraphicsSwitching
LogPluginManager: Mounting plugin MaterialAnalyzer
LogPluginManager: Mounting plugin PluginBrowser
LogPluginManager: Mounting plugin MobileLauncherProfileWizard
LogPluginManager: Mounting plugin SpeedTreeImporter
LogPluginManager: Mounting plugin DatasmithContent
LogPluginManager: Mounting plugin VariantManagerContent
LogPluginManager: Mounting plugin AlembicImporter
LogPluginManager: Mounting plugin AutomationUtils
LogPluginManager: Mounting plugin BackChannel
LogPluginManager: Mounting plugin ChaosCloth
LogPluginManager: Mounting plugin ChaosClothEditor
LogPluginManager: Mounting plugin ChaosEditor
LogPluginManager: Mounting plugin ChaosNiagara
LogPluginManager: Mounting plugin ChaosSolverPlugin
LogPluginManager: Mounting plugin CharacterAI
LogPluginManager: Mounting plugin GeometryCache
LogPluginManager: Mounting plugin GeometryCollectionPlugin
LogPluginManager: Mounting plugin Niagara
LogPluginManager: Mounting plugin GeometryProcessing
LogPluginManager: Mounting plugin OpenImageDenoise
LogPluginManager: Mounting plugin MotoSynth
LogPluginManager: Mounting plugin PlanarCut
LogPluginManager: Mounting plugin PlatformCrypto
LogPluginManager: Mounting plugin ProxyLODPlugin
LogPluginManager: Mounting plugin PythonScriptPlugin
LogPluginManager: Mounting plugin SkeletalReduction
LogPluginManager: Mounting plugin LuminPlatformFeatures
LogPluginManager: Mounting plugin MagicLeap
LogPluginManager: Mounting plugin MagicLeapLightEstimation
LogPluginManager: Mounting plugin MagicLeapMedia
LogPluginManager: Mounting plugin MagicLeapPassableWorld
LogPluginManager: Mounting plugin MLSDK
LogPluginManager: Mounting plugin AndroidMedia
LogPluginManager: Mounting plugin AvfMedia
LogPluginManager: Mounting plugin ImgMedia
LogPluginManager: Mounting plugin MediaCompositing
LogPluginManager: Mounting plugin MediaPlayerEditor
LogPluginManager: Mounting plugin WmfMedia
LogPluginManager: Mounting plugin WebMMedia
LogPluginManager: Mounting plugin TcpMessaging
LogPluginManager: Mounting plugin UdpMessaging
LogPluginManager: Mounting plugin ActorSequence
LogPluginManager: Mounting plugin MatineeToLevelSequence
LogPluginManager: Mounting plugin LevelSequenceEditor
LogPluginManager: Mounting plugin TemplateSequence
LogPluginManager: Mounting plugin OnlineSubsystem
LogPluginManager: Mounting plugin OnlineSubsystemNull
LogPluginManager: Mounting plugin OnlineSubsystemUtils
LogPluginManager: Mounting plugin LauncherChunkInstaller
LogPluginManager: Mounting plugin ActorLayerUtilities
LogPluginManager: Mounting plugin AndroidDeviceProfileSelector
LogPluginManager: Mounting plugin AndroidPermission
LogPluginManager: Mounting plugin AndroidMoviePlayer
LogPluginManager: Mounting plugin AppleImageUtils
LogPluginManager: Mounting plugin AppleMoviePlayer
LogPluginManager: Mounting plugin ArchVisCharacter
LogPluginManager: Mounting plugin AssetTags
LogPluginManager: Mounting plugin AudioCapture
LogPluginManager: Mounting plugin AudioSynesthesia
LogPluginManager: Mounting plugin CableComponent
LogPluginManager: Mounting plugin ChunkDownloader
LogPluginManager: Mounting plugin CustomMeshComponent
LogPluginManager: Mounting plugin EditableMesh
LogPluginManager: Mounting plugin ExampleDeviceProfileSelector
LogPluginManager: Mounting plugin GoogleCloudMessaging
LogPluginManager: Mounting plugin GooglePAD
LogPluginManager: Mounting plugin IOSDeviceProfileSelector
LogPluginManager: Mounting plugin LinuxDeviceProfileSelector
LogPluginManager: Mounting plugin LocationServicesBPLibrary
LogPluginManager: Mounting plugin MobilePatchingUtils
LogPluginManager: Mounting plugin OpenXREyeTracker
LogPluginManager: Mounting plugin OpenXRHandTracking
LogPluginManager: Mounting plugin OpenXR
LogPluginManager: Mounting plugin PhysXVehicles
LogPluginManager: Mounting plugin PostSplashScreen
LogPluginManager: Mounting plugin PropertyAccessEditor
LogPluginManager: Mounting plugin ProceduralMeshComponent
LogPluginManager: Mounting plugin RuntimePhysXCooking
LogPluginManager: Mounting plugin SignificanceManager
LogPluginManager: Mounting plugin SoundFields
LogPluginManager: Mounting plugin Synthesis
LogPluginManager: Mounting plugin WebMMoviePlayer
LogPluginManager: Mounting plugin WindowsMoviePlayer
LogPluginManager: Mounting plugin Takes
LogPluginManager: Mounting plugin ScreenshotTools
LogPluginManager: Mounting plugin ContentBrowserAssetDataSource
LogPluginManager: Mounting plugin ContentBrowserFileDataSource
LogPluginManager: Mounting plugin ContentBrowserClassDataSource
LogPluginManager: Mounting plugin OnlineSubsystemGooglePlay
LogPluginManager: Mounting plugin OnlineSubsystemIOS
LogPluginManager: Mounting plugin OculusVR
LogPluginManager: Mounting plugin SteamVR
PixWinPlugin: PIX capture plugin failed to initialize! Check that the process is launched from PIX.
LogInit: Using libcurl 7.55.1-DEV
LogInit:  - built for x86_64-pc-win32
LogInit:  - supports SSL with OpenSSL/1.1.1
LogInit:  - supports HTTP deflate (compression) using libz 1.2.8
LogInit:  - other features:
LogInit:      CURL_VERSION_SSL
LogInit:      CURL_VERSION_LIBZ
LogInit:      CURL_VERSION_IPV6
LogInit:      CURL_VERSION_ASYNCHDNS
LogInit:      CURL_VERSION_LARGEFILE
LogInit:      CURL_VERSION_IDN
LogInit:  CurlRequestOptions (configurable via config and command line):
LogInit:  - bVerifyPeer = true  - Libcurl will verify peer certificate
LogInit:  - bUseHttpProxy = false  - Libcurl will NOT use HTTP proxy
LogInit:  - bDontReuseConnections = false  - Libcurl will reuse connections
LogInit:  - MaxHostConnections = 16  - Libcurl will limit the number of connections to a host
LogInit:  - LocalHostAddr = Default
LogInit:  - BufferSize = 65536
LogOnline: OSS: Creating online subsystem instance for: NULL
LogInit: WinSock: version 1.1 (2.2), MaxSocks=32767, MaxUdp=65467
LogOnline: OSS: TryLoadSubsystemAndSetDefault: Loaded subsystem for module [NULL]
LogOculusPluginWrapper: OculusPlugin initialized successfully
LogHMD: Failed initializing OVRPlugin 1.59.0
LogInit: Build: ++UE4+Release-4.27-CL-17735300
LogInit: Engine Version: 4.27.1-17735300+++UE4+Release-4.27
LogInit: Compatible Engine Version: 4.27.0-17155196+++UE4+Release-4.27
LogInit: Net CL: 17155196
LogInit: OS: Windows 10 (Release 2009) (), CPU: Intel(R) Core(TM) i7-7700HQ CPU @ 2.80GHz, GPU: NVIDIA GeForce GTX 1050 Ti
LogInit: Compiled (64-bit): Oct  6 2021 14:42:51
LogInit: Compiled with Visual C++: 19.24.28315.00
LogInit: Build Configuration: Development
LogInit: Branch Name: ++UE4+Release-4.27
LogInit: Command Line: 
LogInit: Base Directory: D:/Unreal Engine/UE_4.27/Engine/Binaries/Win64/
LogInit: Allocator: TBB
LogInit: Installed Engine Build: 1
LogDevObjectVersion: Number of dev versions registered: 29
LogDevObjectVersion:   Dev-Blueprints (B0D832E4-1F89-4F0D-ACCF-7EB736FD4AA2): 10
LogDevObjectVersion:   Dev-Build (E1C64328-A22C-4D53-A36C-8E866417BD8C): 0
LogDevObjectVersion:   Dev-Core (375EC13C-06E4-48FB-B500-84F0262A717E): 4
LogDevObjectVersion:   Dev-Editor (E4B068ED-F494-42E9-A231-DA0B2E46BB41): 40
LogDevObjectVersion:   Dev-Framework (CFFC743F-43B0-4480-9391-14DF171D2073): 37
LogDevObjectVersion:   Dev-Mobile (B02B49B5-BB20-44E9-A304-32B752E40360): 3
LogDevObjectVersion:   Dev-Networking (A4E4105C-59A1-49B5-A7C5-40C4547EDFEE): 0
LogDevObjectVersion:   Dev-Online (39C831C9-5AE6-47DC-9A44-9C173E1C8E7C): 0
LogDevObjectVersion:   Dev-Physics (78F01B33-EBEA-4F98-B9B4-84EACCB95AA2): 14
LogDevObjectVersion:   Dev-Platform (6631380F-2D4D-43E0-8009-CF276956A95A): 0
LogDevObjectVersion:   Dev-Rendering (12F88B9F-8875-4AFC-A67C-D90C383ABD29): 45
LogDevObjectVersion:   Dev-Sequencer (7B5AE74C-D270-4C10-A958-57980B212A5A): 13
LogDevObjectVersion:   Dev-VR (D7296918-1DD6-4BDD-9DE2-64A83CC13884): 3
LogDevObjectVersion:   Dev-LoadTimes (C2A15278-BFE7-4AFE-6C17-90FF531DF755): 1
LogDevObjectVersion:   Private-Geometry (6EACA3D4-40EC-4CC1-B786-8BED09428FC5): 3
LogDevObjectVersion:   Dev-AnimPhys (29E575DD-E0A3-4627-9D10-D276232CDCEA): 17
LogDevObjectVersion:   Dev-Anim (AF43A65D-7FD3-4947-9873-3E8ED9C1BB05): 15
LogDevObjectVersion:   Dev-ReflectionCapture (6B266CEC-1EC7-4B8F-A30B-E4D90942FC07): 1
LogDevObjectVersion:   Dev-Automation (0DF73D61-A23F-47EA-B727-89E90C41499A): 1
LogDevObjectVersion:   FortniteMain (601D1886-AC64-4F84-AA16-D3DE0DEAC7D6): 47
LogDevObjectVersion:   FortniteRelease (E7086368-6B23-4C58-8439-1B7016265E91): 1
LogDevObjectVersion:   Dev-Enterprise (9DFFBCD6-494F-0158-E221-12823C92A888): 10
LogDevObjectVersion:   Dev-Niagara (F2AED0AC-9AFE-416F-8664-AA7FFA26D6FC): 1
LogDevObjectVersion:   Dev-Destruction (174F1F0B-B4C6-45A5-B13F-2EE8D0FB917D): 10
LogDevObjectVersion:   Dev-Physics-Ext (35F94A83-E258-406C-A318-09F59610247C): 41
LogDevObjectVersion:   Dev-PhysicsMaterial-Chaos (B68FC16E-8B1B-42E2-B453-215C058844FE): 1
LogDevObjectVersion:   Dev-CineCamera (B2E18506-4273-CFC2-A54E-F4BB758BBA07): 1
LogDevObjectVersion:   Dev-VirtualProduction (64F58936-FD1B-42BA-BA96-7289D5D0FA4E): 1
LogDevObjectVersion:   Dev-MediaFramework (6F0ED827-A609-4895-9C91-998D90180EA4): 2
LogInit: Presizing for max 25165824 objects, including 0 objects not considered by GC, pre-allocating 0 bytes for permanent pool.
LogConfig: Applying CVar settings from Section [/Script/Engine.StreamingSettings] File [E:/Uni/1288 - Advanced Games Design and Development/Unreal-Pi/PiGame/Saved/Config/Windows/Engine.ini]
LogConfig: Setting CVar [[s.MinBulkDataSizeForAsyncLoading:131072]]
LogConfig: Setting CVar [[s.AsyncLoadingThreadEnabled:0]]
LogConfig: Setting CVar [[s.EventDrivenLoaderEnabled:1]]
LogConfig: Setting CVar [[s.WarnIfTimeLimitExceeded:0]]
LogConfig: Setting CVar [[s.TimeLimitExceededMultiplier:1.5]]
LogConfig: Setting CVar [[s.TimeLimitExceededMinTime:0.005]]
LogConfig: Setting CVar [[s.UseBackgroundLevelStreaming:1]]
LogConfig: Setting CVar [[s.PriorityAsyncLoadingExtraTime:15.0]]
LogConfig: Setting CVar [[s.LevelStreamingActorsUpdateTimeLimit:5.0]]
LogConfig: Setting CVar [[s.PriorityLevelStreamingActorsUpdateExtraTime:5.0]]
LogConfig: Setting CVar [[s.LevelStreamingComponentsRegistrationGranularity:10]]
LogConfig: Setting CVar [[s.UnregisterComponentsTimeLimit:1.0]]
LogConfig: Setting CVar [[s.LevelStreamingComponentsUnregistrationGranularity:5]]
LogConfig: Setting CVar [[s.FlushStreamingOnExit:1]]
LogInit: Object subsystem initialized
LogConfig: Setting CVar [[con.DebugEarlyDefault:1]]
LogConfig: Setting CVar [[r.setres:1280x720]]
[2021.10.30-19.38.14:429][  0]LogConfig: Setting CVar [[r.VSync:0]]
[2021.10.30-19.38.14:429][  0]LogConfig: Setting CVar [[r.RHICmdBypass:0]]
[2021.10.30-19.38.14:429][  0]LogConfig: Applying CVar settings from Section [/Script/Engine.RendererSettings] File [E:/Uni/1288 - Advanced Games Design and Development/Unreal-Pi/PiGame/Saved/Config/Windows/Engine.ini]
[2021.10.30-19.38.14:429][  0]LogConfig: Setting CVar [[r.GPUCrashDebugging:0]]
[2021.10.30-19.38.14:429][  0]LogConfig: Applying CVar settings from Section [/Script/Engine.RendererOverrideSettings] File [E:/Uni/1288 - Advanced Games Design and Development/Unreal-Pi/PiGame/Saved/Config/Windows/Engine.ini]
[2021.10.30-19.38.14:429][  0]LogConfig: Applying CVar settings from Section [/Script/Engine.StreamingSettings] File [E:/Uni/1288 - Advanced Games Design and Development/Unreal-Pi/PiGame/Saved/Config/Windows/Engine.ini]
[2021.10.30-19.38.14:429][  0]LogConfig: Setting CVar [[s.MinBulkDataSizeForAsyncLoading:131072]]
[2021.10.30-19.38.14:429][  0]LogConfig: Setting CVar [[s.AsyncLoadingThreadEnabled:0]]
[2021.10.30-19.38.14:429][  0]LogConfig: Setting CVar [[s.EventDrivenLoaderEnabled:1]]
[2021.10.30-19.38.14:429][  0]LogConfig: Setting CVar [[s.WarnIfTimeLimitExceeded:0]]
[2021.10.30-19.38.14:429][  0]LogConfig: Setting CVar [[s.TimeLimitExceededMultiplier:1.5]]
[2021.10.30-19.38.14:429][  0]LogConfig: Setting CVar [[s.TimeLimitExceededMinTime:0.005]]
[2021.10.30-19.38.14:429][  0]LogConfig: Setting CVar [[s.UseBackgroundLevelStreaming:1]]
[2021.10.30-19.38.14:429][  0]LogConfig: Setting CVar [[s.PriorityAsyncLoadingExtraTime:15.0]]
[2021.10.30-19.38.14:429][  0]LogConfig: Setting CVar [[s.LevelStreamingActorsUpdateTimeLimit:5.0]]
[2021.10.30-19.38.14:429][  0]LogConfig: Setting CVar [[s.PriorityLevelStreamingActorsUpdateExtraTime:5.0]]
[2021.10.30-19.38.14:429][  0]LogConfig: Setting CVar [[s.LevelStreamingComponentsRegistrationGranularity:10]]
[2021.10.30-19.38.14:429][  0]LogConfig: Setting CVar [[s.UnregisterComponentsTimeLimit:1.0]]
[2021.10.30-19.38.14:429][  0]LogConfig: Setting CVar [[s.LevelStreamingComponentsUnregistrationGranularity:5]]
[2021.10.30-19.38.14:429][  0]LogConfig: Setting CVar [[s.FlushStreamingOnExit:1]]
[2021.10.30-19.38.14:429][  0]LogConfig: Applying CVar settings from Section [/Script/Engine.GarbageCollectionSettings] File [E:/Uni/1288 - Advanced Games Design and Development/Unreal-Pi/PiGame/Saved/Config/Windows/Engine.ini]
[2021.10.30-19.38.14:429][  0]LogConfig: Setting CVar [[gc.MaxObjectsNotConsideredByGC:1]]
[2021.10.30-19.38.14:429][  0]LogConfig: Setting CVar [[gc.SizeOfPermanentObjectPool:0]]
[2021.10.30-19.38.14:429][  0]LogConfig: Setting CVar [[gc.FlushStreamingOnGC:0]]
[2021.10.30-19.38.14:429][  0]LogConfig: Setting CVar [[gc.NumRetriesBeforeForcingGC:10]]
[2021.10.30-19.38.14:429][  0]LogConfig: Setting CVar [[gc.AllowParallelGC:1]]
[2021.10.30-19.38.14:429][  0]LogConfig: Setting CVar [[gc.TimeBetweenPurgingPendingKillObjects:61.1]]
[2021.10.30-19.38.14:429][  0]LogConfig: Setting CVar [[gc.MaxObjectsInEditor:25165824]]
[2021.10.30-19.38.14:429][  0]LogConfig: Setting CVar [[gc.IncrementalBeginDestroyEnabled:1]]
[2021.10.30-19.38.14:429][  0]LogConfig: Setting CVar [[gc.CreateGCClusters:1]]
[2021.10.30-19.38.14:429][  0]LogConfig: Setting CVar [[gc.MinGCClusterSize:5]]
[2021.10.30-19.38.14:429][  0]LogConfig: Setting CVar [[gc.ActorClusteringEnabled:0]]
[2021.10.30-19.38.14:429][  0]LogConfig: Setting CVar [[gc.BlueprintClusteringEnabled:0]]
[2021.10.30-19.38.14:429][  0]LogConfig: Setting CVar [[gc.UseDisregardForGCOnDedicatedServers:0]]
[2021.10.30-19.38.14:429][  0]LogConfig: Setting CVar [[gc.MultithreadedDestructionEnabled:1]]
[2021.10.30-19.38.14:429][  0]LogConfig: Applying CVar settings from Section [/Script/Engine.NetworkSettings] File [E:/Uni/1288 - Advanced Games Design and Development/Unreal-Pi/PiGame/Saved/Config/Windows/Engine.ini]
[2021.10.30-19.38.14:429][  0]LogConfig: Applying CVar settings from Section [/Script/UnrealEd.CookerSettings] File [E:/Uni/1288 - Advanced Games Design and Development/Unreal-Pi/PiGame/Saved/Config/Windows/Engine.ini]
[2021.10.30-19.38.14:698][  0]LogConfig: Applying CVar settings from Section [ViewDistanceQuality@3] File [E:/Uni/1288 - Advanced Games Design and Development/Unreal-Pi/PiGame/Saved/Config/Windows/Scalability.ini]
[2021.10.30-19.38.14:698][  0]LogConfig: Setting CVar [[r.SkeletalMeshLODBias:0]]
[2021.10.30-19.38.14:698][  0]LogConfig: Setting CVar [[r.ViewDistanceScale:1.0]]
[2021.10.30-19.38.14:698][  0]LogConfig: Applying CVar settings from Section [AntiAliasingQuality@3] File [E:/Uni/1288 - Advanced Games Design and Development/Unreal-Pi/PiGame/Saved/Config/Windows/Scalability.ini]
[2021.10.30-19.38.14:698][  0]LogConfig: Setting CVar [[r.PostProcessAAQuality:4]]
[2021.10.30-19.38.14:698][  0]LogConfig: Applying CVar settings from Section [ShadowQuality@3] File [E:/Uni/1288 - Advanced Games Design and Development/Unreal-Pi/PiGame/Saved/Config/Windows/Scalability.ini]
[2021.10.30-19.38.14:698][  0]LogConfig: Setting CVar [[r.LightFunctionQuality:1]]
[2021.10.30-19.38.14:698][  0]LogConfig: Setting CVar [[r.ShadowQuality:5]]
[2021.10.30-19.38.14:698][  0]LogConfig: Setting CVar [[r.Shadow.CSM.MaxCascades:10]]
[2021.10.30-19.38.14:698][  0]LogConfig: Setting CVar [[r.Shadow.MaxResolution:2048]]
[2021.10.30-19.38.14:698][  0]LogConfig: Setting CVar [[r.Shadow.MaxCSMResolution:2048]]
[2021.10.30-19.38.14:698][  0]LogConfig: Setting CVar [[r.Shadow.RadiusThreshold:0.01]]
[2021.10.30-19.38.14:698][  0]LogConfig: Setting CVar [[r.Shadow.DistanceScale:1.0]]
[2021.10.30-19.38.14:698][  0]LogConfig: Setting CVar [[r.Shadow.CSM.TransitionScale:1.0]]
[2021.10.30-19.38.14:698][  0]LogConfig: Setting CVar [[r.Shadow.PreShadowResolutionFactor:1.0]]
[2021.10.30-19.38.14:698][  0]LogConfig: Setting CVar [[r.DistanceFieldShadowing:1]]
[2021.10.30-19.38.14:698][  0]LogConfig: Setting CVar [[r.DistanceFieldAO:1]]
[2021.10.30-19.38.14:698][  0]LogConfig: Setting CVar [[r.AOQuality:2]]
[2021.10.30-19.38.14:698][  0]LogConfig: Setting CVar [[r.VolumetricFog:1]]
[2021.10.30-19.38.14:698][  0]LogConfig: Setting CVar [[r.VolumetricFog.GridPixelSize:8]]
[2021.10.30-19.38.14:698][  0]LogConfig: Setting CVar [[r.VolumetricFog.GridSizeZ:128]]
[2021.10.30-19.38.14:698][  0]LogConfig: Setting CVar [[r.VolumetricFog.HistoryMissSupersampleCount:4]]
[2021.10.30-19.38.14:698][  0]LogConfig: Setting CVar [[r.LightMaxDrawDistanceScale:1]]
[2021.10.30-19.38.14:698][  0]LogConfig: Setting CVar [[r.CapsuleShadows:1]]
[2021.10.30-19.38.14:699][  0]LogConfig: Applying CVar settings from Section [PostProcessQuality@3] File [E:/Uni/1288 - Advanced Games Design and Development/Unreal-Pi/PiGame/Saved/Config/Windows/Scalability.ini]
[2021.10.30-19.38.14:699][  0]LogConfig: Setting CVar [[r.MotionBlurQuality:4]]
[2021.10.30-19.38.14:699][  0]LogConfig: Setting CVar [[r.AmbientOcclusionMipLevelFactor:0.4]]
[2021.10.30-19.38.14:699][  0]LogConfig: Setting CVar [[r.AmbientOcclusionMaxQuality:100]]
[2021.10.30-19.38.14:699][  0]LogConfig: Setting CVar [[r.AmbientOcclusionLevels:-1]]
[2021.10.30-19.38.14:699][  0]LogConfig: Setting CVar [[r.AmbientOcclusionRadiusScale:1.0]]
[2021.10.30-19.38.14:699][  0]LogConfig: Setting CVar [[r.DepthOfFieldQuality:2]]
[2021.10.30-19.38.14:699][  0]LogConfig: Setting CVar [[r.RenderTargetPoolMin:400]]
[2021.10.30-19.38.14:699][  0]LogConfig: Setting CVar [[r.LensFlareQuality:2]]
[2021.10.30-19.38.14:699][  0]LogConfig: Setting CVar [[r.SceneColorFringeQuality:1]]
[2021.10.30-19.38.14:699][  0]LogConfig: Setting CVar [[r.EyeAdaptationQuality:2]]
[2021.10.30-19.38.14:699][  0]LogConfig: Setting CVar [[r.BloomQuality:5]]
[2021.10.30-19.38.14:699][  0]LogConfig: Setting CVar [[r.FastBlurThreshold:100]]
[2021.10.30-19.38.14:699][  0]LogConfig: Setting CVar [[r.Upscale.Quality:3]]
[2021.10.30-19.38.14:699][  0]LogConfig: Setting CVar [[r.Tonemapper.GrainQuantization:1]]
[2021.10.30-19.38.14:699][  0]LogConfig: Setting CVar [[r.LightShaftQuality:1]]
[2021.10.30-19.38.14:699][  0]LogConfig: Setting CVar [[r.Filter.SizeScale:1]]
[2021.10.30-19.38.14:699][  0]LogConfig: Setting CVar [[r.Tonemapper.Quality:5]]
[2021.10.30-19.38.14:699][  0]LogConfig: Setting CVar [[r.DOF.Gather.AccumulatorQuality:1        ; higher gathering accumulator quality]]
[2021.10.30-19.38.14:699][  0]LogConfig: Setting CVar [[r.DOF.Gather.PostfilterMethod:1          ; Median3x3 postfilering method]]
[2021.10.30-19.38.14:699][  0]LogConfig: Setting CVar [[r.DOF.Gather.EnableBokehSettings:0       ; no bokeh simulation when gathering]]
[2021.10.30-19.38.14:699][  0]LogConfig: Setting CVar [[r.DOF.Gather.RingCount:4                 ; medium number of samples when gathering]]
[2021.10.30-19.38.14:699][  0]LogConfig: Setting CVar [[r.DOF.Scatter.ForegroundCompositing:1    ; additive foreground scattering]]
[2021.10.30-19.38.14:699][  0]LogConfig: Setting CVar [[r.DOF.Scatter.BackgroundCompositing:2    ; additive background scattering]]
[2021.10.30-19.38.14:699][  0]LogConfig: Setting CVar [[r.DOF.Scatter.EnableBokehSettings:1      ; bokeh simulation when scattering]]
[2021.10.30-19.38.14:699][  0]LogConfig: Setting CVar [[r.DOF.Scatter.MaxSpriteRatio:0.1         ; only a maximum of 10% of scattered bokeh]]
[2021.10.30-19.38.14:699][  0]LogConfig: Setting CVar [[r.DOF.Recombine.Quality:1                ; cheap slight out of focus]]
[2021.10.30-19.38.14:699][  0]LogConfig: Setting CVar [[r.DOF.Recombine.EnableBokehSettings:0    ; no bokeh simulation on slight out of focus]]
[2021.10.30-19.38.14:699][  0]LogConfig: Setting CVar [[r.DOF.TemporalAAQuality:1                ; more stable temporal accumulation]]
[2021.10.30-19.38.14:699][  0]LogConfig: Setting CVar [[r.DOF.Kernel.MaxForegroundRadius:0.025]]
[2021.10.30-19.38.14:699][  0]LogConfig: Setting CVar [[r.DOF.Kernel.MaxBackgroundRadius:0.025]]
[2021.10.30-19.38.14:699][  0]LogConfig: Applying CVar settings from Section [TextureQuality@3] File [E:/Uni/1288 - Advanced Games Design and Development/Unreal-Pi/PiGame/Saved/Config/Windows/Scalability.ini]
[2021.10.30-19.38.14:699][  0]LogConfig: Setting CVar [[r.Streaming.MipBias:0]]
[2021.10.30-19.38.14:699][  0]LogConfig: Setting CVar [[r.Streaming.AmortizeCPUToGPUCopy:0]]
[2021.10.30-19.38.14:699][  0]LogConfig: Setting CVar [[r.Streaming.MaxNumTexturesToStreamPerFrame:0]]
[2021.10.30-19.38.14:699][  0]LogConfig: Setting CVar [[r.Streaming.Boost:1]]
[2021.10.30-19.38.14:699][  0]LogConfig: Setting CVar [[r.MaxAnisotropy:8]]
[2021.10.30-19.38.14:699][  0]LogConfig: Setting CVar [[r.VT.MaxAnisotropy:8]]
[2021.10.30-19.38.14:699][  0]LogConfig: Setting CVar [[r.Streaming.LimitPoolSizeToVRAM:0]]
[2021.10.30-19.38.14:699][  0]LogConfig: Setting CVar [[r.Streaming.PoolSize:1000]]
[2021.10.30-19.38.14:699][  0]LogConfig: Setting CVar [[r.Streaming.MaxEffectiveScreenSize:0]]
[2021.10.30-19.38.14:699][  0]LogConfig: Applying CVar settings from Section [EffectsQuality@3] File [E:/Uni/1288 - Advanced Games Design and Development/Unreal-Pi/PiGame/Saved/Config/Windows/Scalability.ini]
[2021.10.30-19.38.14:699][  0]LogConfig: Setting CVar [[r.TranslucencyLightingVolumeDim:64]]
[2021.10.30-19.38.14:699][  0]LogConfig: Setting CVar [[r.RefractionQuality:2]]
[2021.10.30-19.38.14:699][  0]LogConfig: Setting CVar [[r.SSR.Quality:3]]
[2021.10.30-19.38.14:699][  0]LogConfig: Setting CVar [[r.SSR.HalfResSceneColor:0]]
[2021.10.30-19.38.14:699][  0]LogConfig: Setting CVar [[r.SceneColorFormat:4]]
[2021.10.30-19.38.14:699][  0]LogConfig: Setting CVar [[r.DetailMode:2]]
[2021.10.30-19.38.14:699][  0]LogConfig: Setting CVar [[r.TranslucencyVolumeBlur:1]]
[2021.10.30-19.38.14:699][  0]LogConfig: Setting CVar [[r.MaterialQualityLevel:1 ; High quality]]
[2021.10.30-19.38.14:699][  0]LogConfig: Setting CVar [[r.AnisotropicMaterials:1]]
[2021.10.30-19.38.14:699][  0]LogConfig: Setting CVar [[r.SSS.Scale:1]]
[2021.10.30-19.38.14:699][  0]LogConfig: Setting CVar [[r.SSS.SampleSet:2]]
[2021.10.30-19.38.14:699][  0]LogConfig: Setting CVar [[r.SSS.Quality:1]]
[2021.10.30-19.38.14:699][  0]LogConfig: Setting CVar [[r.SSS.HalfRes:0]]
[2021.10.30-19.38.14:699][  0]LogConfig: Setting CVar [[r.SSGI.Quality:3]]
[2021.10.30-19.38.14:699][  0]LogConfig: Setting CVar [[r.EmitterSpawnRateScale:1.0]]
[2021.10.30-19.38.14:699][  0]LogConfig: Setting CVar [[r.ParticleLightQuality:2]]
[2021.10.30-19.38.14:699][  0]LogConfig: Setting CVar [[r.SkyAtmosphere.AerialPerspectiveLUT.FastApplyOnOpaque:1 ; Always have FastSkyLUT 1 in this case to avoid wrong sky]]
[2021.10.30-19.38.14:699][  0]LogConfig: Setting CVar [[r.SkyAtmosphere.AerialPerspectiveLUT.SampleCountMaxPerSlice:4]]
[2021.10.30-19.38.14:699][  0]LogConfig: Setting CVar [[r.SkyAtmosphere.AerialPerspectiveLUT.DepthResolution:16.0]]
[2021.10.30-19.38.14:699][  0]LogConfig: Setting CVar [[r.SkyAtmosphere.FastSkyLUT:1]]
[2021.10.30-19.38.14:700][  0]LogConfig: Setting CVar [[r.SkyAtmosphere.FastSkyLUT.SampleCountMin:4.0]]
[2021.10.30-19.38.14:700][  0]LogConfig: Setting CVar [[r.SkyAtmosphere.FastSkyLUT.SampleCountMax:128.0]]
[2021.10.30-19.38.14:700][  0]LogConfig: Setting CVar [[r.SkyAtmosphere.SampleCountMin:4.0]]
[2021.10.30-19.38.14:700][  0]LogConfig: Setting CVar [[r.SkyAtmosphere.SampleCountMax:128.0]]
[2021.10.30-19.38.14:700][  0]LogConfig: Setting CVar [[r.SkyAtmosphere.TransmittanceLUT.UseSmallFormat:0]]
[2021.10.30-19.38.14:700][  0]LogConfig: Setting CVar [[r.SkyAtmosphere.TransmittanceLUT.SampleCount:10.0]]
[2021.10.30-19.38.14:700][  0]LogConfig: Setting CVar [[r.SkyAtmosphere.MultiScatteringLUT.SampleCount:15.0]]
[2021.10.30-19.38.14:700][  0]LogConfig: Setting CVar [[r.SkyLight.RealTimeReflectionCapture:1]]
[2021.10.30-19.38.14:700][  0]LogConfig: Applying CVar settings from Section [FoliageQuality@3] File [E:/Uni/1288 - Advanced Games Design and Development/Unreal-Pi/PiGame/Saved/Config/Windows/Scalability.ini]
[2021.10.30-19.38.14:700][  0]LogConfig: Setting CVar [[foliage.DensityScale:1.0]]
[2021.10.30-19.38.14:700][  0]LogConfig: Setting CVar [[grass.DensityScale:1.0]]
[2021.10.30-19.38.14:700][  0]LogConfig: Applying CVar settings from Section [ShadingQuality@3] File [E:/Uni/1288 - Advanced Games Design and Development/Unreal-Pi/PiGame/Saved/Config/Windows/Scalability.ini]
[2021.10.30-19.38.14:700][  0]LogConfig: Setting CVar [[r.HairStrands.SkyLighting.IntegrationType:2]]
[2021.10.30-19.38.14:700][  0]LogConfig: Setting CVar [[r.HairStrands.SkyAO.SampleCount:4]]
[2021.10.30-19.38.14:700][  0]LogConfig: Setting CVar [[r.HairStrands.Visibility.MSAA.SamplePerPixel:4]]
[2021.10.30-19.38.14:700][  0]LogInit: Selected Device Profile: [Windows]
[2021.10.30-19.38.14:700][  0]LogInit: Applying CVar settings loaded from the selected device profile: [Windows]
[2021.10.30-19.38.14:700][  0]LogHAL: Display: Platform has ~ 16 GB [17039638528 / 17179869184 / 16], which maps to Larger [LargestMinGB=32, LargerMinGB=12, DefaultMinGB=8, SmallerMinGB=6, SmallestMinGB=0)
[2021.10.30-19.38.14:700][  0]LogInit: Going up to parent DeviceProfile []
[2021.10.30-19.38.14:700][  0]LogConfig: Applying CVar settings from Section [ViewDistanceQuality@3] File [E:/Uni/1288 - Advanced Games Design and Development/Unreal-Pi/PiGame/Saved/Config/Windows/Scalability.ini]
[2021.10.30-19.38.14:700][  0]LogConfig: Setting CVar [[r.SkeletalMeshLODBias:0]]
[2021.10.30-19.38.14:700][  0]LogConfig: Setting CVar [[r.ViewDistanceScale:1.0]]
[2021.10.30-19.38.14:700][  0]LogConfig: Applying CVar settings from Section [AntiAliasingQuality@3] File [E:/Uni/1288 - Advanced Games Design and Development/Unreal-Pi/PiGame/Saved/Config/Windows/Scalability.ini]
[2021.10.30-19.38.14:700][  0]LogConfig: Setting CVar [[r.PostProcessAAQuality:4]]
[2021.10.30-19.38.14:700][  0]LogConfig: Applying CVar settings from Section [ShadowQuality@3] File [E:/Uni/1288 - Advanced Games Design and Development/Unreal-Pi/PiGame/Saved/Config/Windows/Scalability.ini]
[2021.10.30-19.38.14:700][  0]LogConfig: Setting CVar [[r.LightFunctionQuality:1]]
[2021.10.30-19.38.14:700][  0]LogConfig: Setting CVar [[r.ShadowQuality:5]]
[2021.10.30-19.38.14:700][  0]LogConfig: Setting CVar [[r.Shadow.CSM.MaxCascades:10]]
[2021.10.30-19.38.14:700][  0]LogConfig: Setting CVar [[r.Shadow.MaxResolution:2048]]
[2021.10.30-19.38.14:700][  0]LogConfig: Setting CVar [[r.Shadow.MaxCSMResolution:2048]]
[2021.10.30-19.38.14:700][  0]LogConfig: Setting CVar [[r.Shadow.RadiusThreshold:0.01]]
[2021.10.30-19.38.14:700][  0]LogConfig: Setting CVar [[r.Shadow.DistanceScale:1.0]]
[2021.10.30-19.38.14:700][  0]LogConfig: Setting CVar [[r.Shadow.CSM.TransitionScale:1.0]]
[2021.10.30-19.38.14:700][  0]LogConfig: Setting CVar [[r.Shadow.PreShadowResolutionFactor:1.0]]
[2021.10.30-19.38.14:700][  0]LogConfig: Setting CVar [[r.DistanceFieldShadowing:1]]
[2021.10.30-19.38.14:700][  0]LogConfig: Setting CVar [[r.DistanceFieldAO:1]]
[2021.10.30-19.38.14:700][  0]LogConfig: Setting CVar [[r.AOQuality:2]]
[2021.10.30-19.38.14:700][  0]LogConfig: Setting CVar [[r.VolumetricFog:1]]
[2021.10.30-19.38.14:700][  0]LogConfig: Setting CVar [[r.VolumetricFog.GridPixelSize:8]]
[2021.10.30-19.38.14:700][  0]LogConfig: Setting CVar [[r.VolumetricFog.GridSizeZ:128]]
[2021.10.30-19.38.14:700][  0]LogConfig: Setting CVar [[r.VolumetricFog.HistoryMissSupersampleCount:4]]
[2021.10.30-19.38.14:700][  0]LogConfig: Setting CVar [[r.LightMaxDrawDistanceScale:1]]
[2021.10.30-19.38.14:700][  0]LogConfig: Setting CVar [[r.CapsuleShadows:1]]
[2021.10.30-19.38.14:700][  0]LogConfig: Applying CVar settings from Section [PostProcessQuality@3] File [E:/Uni/1288 - Advanced Games Design and Development/Unreal-Pi/PiGame/Saved/Config/Windows/Scalability.ini]
[2021.10.30-19.38.14:700][  0]LogConfig: Setting CVar [[r.MotionBlurQuality:4]]
[2021.10.30-19.38.14:700][  0]LogConfig: Setting CVar [[r.AmbientOcclusionMipLevelFactor:0.4]]
[2021.10.30-19.38.14:700][  0]LogConfig: Setting CVar [[r.AmbientOcclusionMaxQuality:100]]
[2021.10.30-19.38.14:700][  0]LogConfig: Setting CVar [[r.AmbientOcclusionLevels:-1]]
[2021.10.30-19.38.14:700][  0]LogConfig: Setting CVar [[r.AmbientOcclusionRadiusScale:1.0]]
[2021.10.30-19.38.14:700][  0]LogConfig: Setting CVar [[r.DepthOfFieldQuality:2]]
[2021.10.30-19.38.14:700][  0]LogConfig: Setting CVar [[r.RenderTargetPoolMin:400]]
[2021.10.30-19.38.14:700][  0]LogConfig: Setting CVar [[r.LensFlareQuality:2]]
[2021.10.30-19.38.14:700][  0]LogConfig: Setting CVar [[r.SceneColorFringeQuality:1]]
[2021.10.30-19.38.14:700][  0]LogConfig: Setting CVar [[r.EyeAdaptationQuality:2]]
[2021.10.30-19.38.14:700][  0]LogConfig: Setting CVar [[r.BloomQuality:5]]
[2021.10.30-19.38.14:700][  0]LogConfig: Setting CVar [[r.FastBlurThreshold:100]]
[2021.10.30-19.38.14:700][  0]LogConfig: Setting CVar [[r.Upscale.Quality:3]]
[2021.10.30-19.38.14:700][  0]LogConfig: Setting CVar [[r.Tonemapper.GrainQuantization:1]]
[2021.10.30-19.38.14:700][  0]LogConfig: Setting CVar [[r.LightShaftQuality:1]]
[2021.10.30-19.38.14:700][  0]LogConfig: Setting CVar [[r.Filter.SizeScale:1]]
[2021.10.30-19.38.14:700][  0]LogConfig: Setting CVar [[r.Tonemapper.Quality:5]]
[2021.10.30-19.38.14:700][  0]LogConfig: Setting CVar [[r.DOF.Gather.AccumulatorQuality:1        ; higher gathering accumulator quality]]
[2021.10.30-19.38.14:700][  0]LogConfig: Setting CVar [[r.DOF.Gather.PostfilterMethod:1          ; Median3x3 postfilering method]]
[2021.10.30-19.38.14:700][  0]LogConfig: Setting CVar [[r.DOF.Gather.EnableBokehSettings:0       ; no bokeh simulation when gathering]]
[2021.10.30-19.38.14:700][  0]LogConfig: Setting CVar [[r.DOF.Gather.RingCount:4                 ; medium number of samples when gathering]]
[2021.10.30-19.38.14:700][  0]LogConfig: Setting CVar [[r.DOF.Scatter.ForegroundCompositing:1    ; additive foreground scattering]]
[2021.10.30-19.38.14:700][  0]LogConfig: Setting CVar [[r.DOF.Scatter.BackgroundCompositing:2    ; additive background scattering]]
[2021.10.30-19.38.14:700][  0]LogConfig: Setting CVar [[r.DOF.Scatter.EnableBokehSettings:1      ; bokeh simulation when scattering]]
[2021.10.30-19.38.14:700][  0]LogConfig: Setting CVar [[r.DOF.Scatter.MaxSpriteRatio:0.1         ; only a maximum of 10% of scattered bokeh]]
[2021.10.30-19.38.14:701][  0]LogConfig: Setting CVar [[r.DOF.Recombine.Quality:1                ; cheap slight out of focus]]
[2021.10.30-19.38.14:701][  0]LogConfig: Setting CVar [[r.DOF.Recombine.EnableBokehSettings:0    ; no bokeh simulation on slight out of focus]]
[2021.10.30-19.38.14:701][  0]LogConfig: Setting CVar [[r.DOF.TemporalAAQuality:1                ; more stable temporal accumulation]]
[2021.10.30-19.38.14:701][  0]LogConfig: Setting CVar [[r.DOF.Kernel.MaxForegroundRadius:0.025]]
[2021.10.30-19.38.14:701][  0]LogConfig: Setting CVar [[r.DOF.Kernel.MaxBackgroundRadius:0.025]]
[2021.10.30-19.38.14:701][  0]LogConfig: Applying CVar settings from Section [TextureQuality@3] File [E:/Uni/1288 - Advanced Games Design and Development/Unreal-Pi/PiGame/Saved/Config/Windows/Scalability.ini]
[2021.10.30-19.38.14:701][  0]LogConfig: Setting CVar [[r.Streaming.MipBias:0]]
[2021.10.30-19.38.14:701][  0]LogConfig: Setting CVar [[r.Streaming.AmortizeCPUToGPUCopy:0]]
[2021.10.30-19.38.14:701][  0]LogConfig: Setting CVar [[r.Streaming.MaxNumTexturesToStreamPerFrame:0]]
[2021.10.30-19.38.14:701][  0]LogConfig: Setting CVar [[r.Streaming.Boost:1]]
[2021.10.30-19.38.14:701][  0]LogConfig: Setting CVar [[r.MaxAnisotropy:8]]
[2021.10.30-19.38.14:701][  0]LogConfig: Setting CVar [[r.VT.MaxAnisotropy:8]]
[2021.10.30-19.38.14:701][  0]LogConfig: Setting CVar [[r.Streaming.LimitPoolSizeToVRAM:0]]
[2021.10.30-19.38.14:701][  0]LogConfig: Setting CVar [[r.Streaming.PoolSize:1000]]
[2021.10.30-19.38.14:701][  0]LogConfig: Setting CVar [[r.Streaming.MaxEffectiveScreenSize:0]]
[2021.10.30-19.38.14:701][  0]LogConfig: Applying CVar settings from Section [EffectsQuality@3] File [E:/Uni/1288 - Advanced Games Design and Development/Unreal-Pi/PiGame/Saved/Config/Windows/Scalability.ini]
[2021.10.30-19.38.14:701][  0]LogConfig: Setting CVar [[r.TranslucencyLightingVolumeDim:64]]
[2021.10.30-19.38.14:701][  0]LogConfig: Setting CVar [[r.RefractionQuality:2]]
[2021.10.30-19.38.14:701][  0]LogConfig: Setting CVar [[r.SSR.Quality:3]]
[2021.10.30-19.38.14:701][  0]LogConfig: Setting CVar [[r.SSR.HalfResSceneColor:0]]
[2021.10.30-19.38.14:701][  0]LogConfig: Setting CVar [[r.SceneColorFormat:4]]
[2021.10.30-19.38.14:701][  0]LogConfig: Setting CVar [[r.DetailMode:2]]
[2021.10.30-19.38.14:701][  0]LogConfig: Setting CVar [[r.TranslucencyVolumeBlur:1]]
[2021.10.30-19.38.14:701][  0]LogConfig: Setting CVar [[r.MaterialQualityLevel:1 ; High quality]]
[2021.10.30-19.38.14:701][  0]LogConfig: Setting CVar [[r.AnisotropicMaterials:1]]
[2021.10.30-19.38.14:701][  0]LogConfig: Setting CVar [[r.SSS.Scale:1]]
[2021.10.30-19.38.14:701][  0]LogConfig: Setting CVar [[r.SSS.SampleSet:2]]
[2021.10.30-19.38.14:701][  0]LogConfig: Setting CVar [[r.SSS.Quality:1]]
[2021.10.30-19.38.14:701][  0]LogConfig: Setting CVar [[r.SSS.HalfRes:0]]
[2021.10.30-19.38.14:701][  0]LogConfig: Setting CVar [[r.SSGI.Quality:3]]
[2021.10.30-19.38.14:701][  0]LogConfig: Setting CVar [[r.EmitterSpawnRateScale:1.0]]
[2021.10.30-19.38.14:701][  0]LogConfig: Setting CVar [[r.ParticleLightQuality:2]]
[2021.10.30-19.38.14:701][  0]LogConfig: Setting CVar [[r.SkyAtmosphere.AerialPerspectiveLUT.FastApplyOnOpaque:1 ; Always have FastSkyLUT 1 in this case to avoid wrong sky]]
[2021.10.30-19.38.14:701][  0]LogConfig: Setting CVar [[r.SkyAtmosphere.AerialPerspectiveLUT.SampleCountMaxPerSlice:4]]
[2021.10.30-19.38.14:701][  0]LogConfig: Setting CVar [[r.SkyAtmosphere.AerialPerspectiveLUT.DepthResolution:16.0]]
[2021.10.30-19.38.14:701][  0]LogConfig: Setting CVar [[r.SkyAtmosphere.FastSkyLUT:1]]
[2021.10.30-19.38.14:701][  0]LogConfig: Setting CVar [[r.SkyAtmosphere.FastSkyLUT.SampleCountMin:4.0]]
[2021.10.30-19.38.14:701][  0]LogConfig: Setting CVar [[r.SkyAtmosphere.FastSkyLUT.SampleCountMax:128.0]]
[2021.10.30-19.38.14:701][  0]LogConfig: Setting CVar [[r.SkyAtmosphere.SampleCountMin:4.0]]
[2021.10.30-19.38.14:701][  0]LogConfig: Setting CVar [[r.SkyAtmosphere.SampleCountMax:128.0]]
[2021.10.30-19.38.14:701][  0]LogConfig: Setting CVar [[r.SkyAtmosphere.TransmittanceLUT.UseSmallFormat:0]]
[2021.10.30-19.38.14:701][  0]LogConfig: Setting CVar [[r.SkyAtmosphere.TransmittanceLUT.SampleCount:10.0]]
[2021.10.30-19.38.14:701][  0]LogConfig: Setting CVar [[r.SkyAtmosphere.MultiScatteringLUT.SampleCount:15.0]]
[2021.10.30-19.38.14:701][  0]LogConfig: Setting CVar [[r.SkyLight.RealTimeReflectionCapture:1]]
[2021.10.30-19.38.14:701][  0]LogConfig: Applying CVar settings from Section [FoliageQuality@3] File [E:/Uni/1288 - Advanced Games Design and Development/Unreal-Pi/PiGame/Saved/Config/Windows/Scalability.ini]
[2021.10.30-19.38.14:701][  0]LogConfig: Setting CVar [[foliage.DensityScale:1.0]]
[2021.10.30-19.38.14:701][  0]LogConfig: Setting CVar [[grass.DensityScale:1.0]]
[2021.10.30-19.38.14:701][  0]LogConfig: Applying CVar settings from Section [ShadingQuality@3] File [E:/Uni/1288 - Advanced Games Design and Development/Unreal-Pi/PiGame/Saved/Config/Windows/Scalability.ini]
[2021.10.30-19.38.14:701][  0]LogConfig: Setting CVar [[r.HairStrands.SkyLighting.IntegrationType:2]]
[2021.10.30-19.38.14:702][  0]LogConfig: Setting CVar [[r.HairStrands.SkyAO.SampleCount:4]]
[2021.10.30-19.38.14:702][  0]LogConfig: Setting CVar [[r.HairStrands.Visibility.MSAA.SamplePerPixel:4]]
[2021.10.30-19.38.14:702][  0]LogConfig: Applying CVar settings from Section [Startup] File [../../../Engine/Config/ConsoleVariables.ini]
[2021.10.30-19.38.14:702][  0]LogConfig: Setting CVar [[net.UseAdaptiveNetUpdateFrequency:0]]
[2021.10.30-19.38.14:702][  0]LogConfig: Setting CVar [[p.chaos.AllowCreatePhysxBodies:1]]
[2021.10.30-19.38.14:702][  0]LogConfig: Setting CVar [[fx.SkipVectorVMBackendOptimizations:1]]
[2021.10.30-19.38.14:702][  0]LogConfig: Applying CVar settings from Section [ConsoleVariables] File [E:/Uni/1288 - Advanced Games Design and Development/Unreal-Pi/PiGame/Saved/Config/Windows/Engine.ini]
[2021.10.30-19.38.14:702][  0]LogConfig: Applying CVar settings from Section [ConsoleVariables] File [E:/Uni/1288 - Advanced Games Design and Development/Unreal-Pi/PiGame/Saved/Config/Windows/Editor.ini]
[2021.10.30-19.38.14:702][  0]LogInit: Computer: BRENDANLAPTOP
[2021.10.30-19.38.14:702][  0]LogInit: User: brend
[2021.10.30-19.38.14:702][  0]LogInit: CPU Page size=4096, Cores=4
[2021.10.30-19.38.14:702][  0]LogInit: High frequency timer resolution =10.000000 MHz
[2021.10.30-19.38.14:702][  0]LogMemory: Memory total: Physical=15.9GB (16GB approx)
[2021.10.30-19.38.14:702][  0]LogMemory: Platform Memory Stats for Windows
[2021.10.30-19.38.14:702][  0]LogMemory: Process Physical Memory: 142.89 MB used, 142.90 MB peak
[2021.10.30-19.38.14:702][  0]LogMemory: Process Virtual Memory: 126.41 MB used, 126.41 MB peak
[2021.10.30-19.38.14:702][  0]LogMemory: Physical Memory: 7914.59 MB used,  8335.68 MB free, 16250.27 MB total
[2021.10.30-19.38.14:702][  0]LogMemory: Virtual Memory: 134210184.00 MB used,  7541.97 MB free, 134217728.00 MB total
[2021.10.30-19.38.14:710][  0]LogWindows: WindowsPlatformFeatures enabled
[2021.10.30-19.38.14:765][  0]LogInit: Physics initialised using underlying interface: PhysX
[2021.10.30-19.38.14:766][  0]LogInit: Using OS detected language (en-GB).
[2021.10.30-19.38.14:766][  0]LogInit: Using OS detected locale (en-GB).
[2021.10.30-19.38.14:769][  0]LogTextLocalizationManager: No specific localization for 'en-GB' exists, so the 'en' localization will be used.
[2021.10.30-19.38.15:029][  0]LogWindowsTextInputMethodSystem: Display: IME system deactivated.
[2021.10.30-19.38.15:092][  0]LogSlate: New Slate User Created.  User Index 0, Is Virtual User: 0
[2021.10.30-19.38.15:092][  0]LogSlate: Slate User Registered.  User Index 0, Is Virtual User: 0
[2021.10.30-19.38.15:340][  0]LogD3D11RHI: Loaded GFSDK_Aftermath_Lib.x64.dll
[2021.10.30-19.38.15:345][  0]LogHMD: Failed to initialize OpenVR with code 110
[2021.10.30-19.38.15:345][  0]LogD3D11RHI: D3D11 min allowed feature level: 11_0
[2021.10.30-19.38.15:345][  0]LogD3D11RHI: D3D11 max allowed feature level: 11_0
[2021.10.30-19.38.15:345][  0]LogD3D11RHI: D3D11 adapters:
[2021.10.30-19.38.15:481][  0]LogD3D11RHI:    0. 'NVIDIA GeForce GTX 1050 Ti' (Feature Level 11_0)
[2021.10.30-19.38.15:481][  0]LogD3D11RHI:       4019/0/8125 MB DedicatedVideo/DedicatedSystem/SharedSystem, Outputs:1, VendorId:0x10de
[2021.10.30-19.38.15:547][  0]LogD3D11RHI:    1. 'Intel(R) HD Graphics 630' (Feature Level 11_0)
[2021.10.30-19.38.15:547][  0]LogD3D11RHI:       128/0/8125 MB DedicatedVideo/DedicatedSystem/SharedSystem, Outputs:0, VendorId:0x8086
[2021.10.30-19.38.15:549][  0]LogD3D11RHI:    2. 'Microsoft Basic Render Driver' (Feature Level 11_0)
[2021.10.30-19.38.15:549][  0]LogD3D11RHI:       0/0/8125 MB DedicatedVideo/DedicatedSystem/SharedSystem, Outputs:0, VendorId:0x1414
[2021.10.30-19.38.15:549][  0]LogD3D11RHI: Chosen D3D11 Adapter:
[2021.10.30-19.38.15:549][  0]LogD3D11RHI:     Description : NVIDIA GeForce GTX 1050 Ti
[2021.10.30-19.38.15:549][  0]LogD3D11RHI:     VendorId    : 10de
[2021.10.30-19.38.15:549][  0]LogD3D11RHI:     DeviceId    : 1c8c
[2021.10.30-19.38.15:549][  0]LogD3D11RHI:     SubSysId    : 7981028
[2021.10.30-19.38.15:549][  0]LogD3D11RHI:     Revision    : 00a1
[2021.10.30-19.38.15:550][  0]LogD3D11RHI:     DedicatedVideoMemory : 4214226944 bytes
[2021.10.30-19.38.15:550][  0]LogD3D11RHI:     DedicatedSystemMemory : 0 bytes
[2021.10.30-19.38.15:550][  0]LogD3D11RHI:     SharedSystemMemory : 8519819264 bytes
[2021.10.30-19.38.15:550][  0]LogD3D11RHI:     AdapterLuid : 0 63635
[2021.10.30-19.38.15:557][  0]LogD3D11RHI: Creating new Direct3DDevice
[2021.10.30-19.38.15:557][  0]LogD3D11RHI:     GPU DeviceId: 0x1c8c (for the marketing name, search the web for "GPU Device Id")
[2021.10.30-19.38.15:557][  0]LogWindows: EnumDisplayDevices:
[2021.10.30-19.38.15:557][  0]LogWindows:    0. 'Intel(R) HD Graphics 630' (P:0 D:0)
[2021.10.30-19.38.15:558][  0]LogWindows:    1. 'Intel(R) HD Graphics 630' (P:0 D:0)
[2021.10.30-19.38.15:558][  0]LogWindows:    2. 'Intel(R) HD Graphics 630' (P:0 D:0)
[2021.10.30-19.38.15:558][  0]LogWindows:    3. 'NVIDIA GeForce GTX 1050 Ti' (P:1 D:1)
[2021.10.30-19.38.15:558][  0]LogWindows: DebugString: PrimaryIsNotTheChoosenAdapter PrimaryIsNotTheChoosenAdapter PrimaryIsNotTheChoosenAdapter 
[2021.10.30-19.38.15:558][  0]LogD3D11RHI:     Adapter Name: NVIDIA GeForce GTX 1050 Ti
[2021.10.30-19.38.15:558][  0]LogD3D11RHI:   Driver Version: 496.49 (internal:30.0.14.9649, unified:496.49)
[2021.10.30-19.38.15:558][  0]LogD3D11RHI:      Driver Date: 10-20-2021
[2021.10.30-19.38.15:558][  0]LogRHI: Texture pool is 2813 MB (70% of 4019 MB)
[2021.10.30-19.38.15:558][  0]LogD3D11RHI: Creating D3DDevice using adapter:
[2021.10.30-19.38.15:558][  0]LogD3D11RHI:     Description : NVIDIA GeForce GTX 1050 Ti
[2021.10.30-19.38.15:558][  0]LogD3D11RHI:     VendorId    : 10de
[2021.10.30-19.38.15:558][  0]LogD3D11RHI:     DeviceId    : 1c8c
[2021.10.30-19.38.15:558][  0]LogD3D11RHI:     SubSysId    : 7981028
[2021.10.30-19.38.15:558][  0]LogD3D11RHI:     Revision    : 00a1
[2021.10.30-19.38.15:558][  0]LogD3D11RHI:     DedicatedVideoMemory : 4214226944 bytes
[2021.10.30-19.38.15:559][  0]LogD3D11RHI:     DedicatedSystemMemory : 0 bytes
[2021.10.30-19.38.15:559][  0]LogD3D11RHI:     SharedSystemMemory : 8519819264 bytes
[2021.10.30-19.38.15:559][  0]LogD3D11RHI:     AdapterLuid : 0 63635
[2021.10.30-19.38.15:642][  0]LogD3D11RHI: RHI has support for 64 bit atomics
[2021.10.30-19.38.15:642][  0]LogD3D11RHI: Async texture creation enabled
[2021.10.30-19.38.15:642][  0]LogD3D11RHI: Array index from any shader is supported
[2021.10.30-19.38.15:694][  0]LogD3D11RHI: GPU Timing Frequency: 1000.000000 (Debug: 2 1)
[2021.10.30-19.38.15:749][  0]LogRHI: GeForceNow SDK initialized: 1
[2021.10.30-19.38.16:126][  0]LogTargetPlatformManager: Display: Loaded TargetPlatform 'AllDesktop'
[2021.10.30-19.38.16:151][  0]LogTargetPlatformManager: Display: Loaded TargetPlatform 'Android'
[2021.10.30-19.38.16:151][  0]LogTargetPlatformManager: Display: Loaded TargetPlatform 'Android_ASTC'
[2021.10.30-19.38.16:151][  0]LogTargetPlatformManager: Display: Loaded TargetPlatform 'Android_DXT'
[2021.10.30-19.38.16:151][  0]LogTargetPlatformManager: Display: Loaded TargetPlatform 'Android_ETC2'
[2021.10.30-19.38.16:151][  0]LogTargetPlatformManager: Display: Loaded TargetPlatform 'AndroidClient'
[2021.10.30-19.38.16:151][  0]LogTargetPlatformManager: Display: Loaded TargetPlatform 'Android_ASTCClient'
[2021.10.30-19.38.16:151][  0]LogTargetPlatformManager: Display: Loaded TargetPlatform 'Android_DXTClient'
[2021.10.30-19.38.16:151][  0]LogTargetPlatformManager: Display: Loaded TargetPlatform 'Android_ETC2Client'
[2021.10.30-19.38.16:151][  0]LogTargetPlatformManager: Display: Loaded TargetPlatform 'Android_Multi'
[2021.10.30-19.38.16:151][  0]LogTargetPlatformManager: Display: Loaded TargetPlatform 'Android_MultiClient'
[2021.10.30-19.38.16:172][  0]LogTargetPlatformManager: Display: Loaded TargetPlatform 'IOSClient'
[2021.10.30-19.38.16:172][  0]LogTargetPlatformManager: Display: Loaded TargetPlatform 'IOS'
[2021.10.30-19.38.16:183][  0]LogTargetPlatformManager: Display: Loaded TargetPlatform 'Linux'
[2021.10.30-19.38.16:188][  0]LogTargetPlatformManager: Display: Loaded TargetPlatform 'LinuxNoEditor'
[2021.10.30-19.38.16:192][  0]LogTargetPlatformManager: Display: Loaded TargetPlatform 'LinuxClient'
[2021.10.30-19.38.16:197][  0]LogTargetPlatformManager: Display: Loaded TargetPlatform 'LinuxServer'
[2021.10.30-19.38.16:210][  0]LogTargetPlatformManager: Display: Loaded TargetPlatform 'LinuxAArch64NoEditor'
[2021.10.30-19.38.16:215][  0]LogTargetPlatformManager: Display: Loaded TargetPlatform 'LinuxAArch64Client'
[2021.10.30-19.38.16:219][  0]LogTargetPlatformManager: Display: Loaded TargetPlatform 'LinuxAArch64Server'
[2021.10.30-19.38.16:247][  0]LogTargetPlatformManager: Display: Loaded TargetPlatform 'Lumin'
[2021.10.30-19.38.16:247][  0]LogTargetPlatformManager: Display: Loaded TargetPlatform 'LuminClient'
[2021.10.30-19.38.16:258][  0]LogTargetPlatformManager: Display: Loaded TargetPlatform 'MacNoEditor'
[2021.10.30-19.38.16:263][  0]LogTargetPlatformManager: Display: Loaded TargetPlatform 'Mac'
[2021.10.30-19.38.16:268][  0]LogTargetPlatformManager: Display: Loaded TargetPlatform 'MacClient'
[2021.10.30-19.38.16:274][  0]LogTargetPlatformManager: Display: Loaded TargetPlatform 'MacServer'
[2021.10.30-19.38.16:286][  0]LogTargetPlatformManager: Display: Loaded TargetPlatform 'TVOSClient'
[2021.10.30-19.38.16:286][  0]LogTargetPlatformManager: Display: Loaded TargetPlatform 'TVOS'
[2021.10.30-19.38.16:296][  0]LogTargetPlatformManager: Display: Loaded TargetPlatform 'WindowsNoEditor'
[2021.10.30-19.38.16:301][  0]LogTargetPlatformManager: Display: Loaded TargetPlatform 'Windows'
[2021.10.30-19.38.16:307][  0]LogTargetPlatformManager: Display: Loaded TargetPlatform 'WindowsClient'
[2021.10.30-19.38.16:312][  0]LogTargetPlatformManager: Display: Loaded TargetPlatform 'WindowsServer'
[2021.10.30-19.38.16:312][  0]LogTargetPlatformManager: Display: Building Assets For Windows
[2021.10.30-19.38.16:321][  0]LogAudioDebug: Display: Lib vorbis DLL was dynamically loaded.
[2021.10.30-19.38.16:358][  0]LogTextureFormatOodle: Display: Oodle Texture 2.9.0 init RDO Off
[2021.10.30-19.38.16:407][  0]LogRendererCore: Ray tracing is disabled. Reason: r.RayTracing=0.
[2021.10.30-19.38.16:408][  0]LogShaderCompilers: Guid format shader working directory is -22 characters bigger than the processId version (E:/Uni/1288 - Advanced Games Design and Development/Unreal-Pi/PiGame/Intermediate/Shaders/WorkingDirectory/5964/).
[2021.10.30-19.38.16:408][  0]LogShaderCompilers: Cleaned the shader compiler working directory 'C:/Users/brend/AppData/Local/Temp/UnrealShaderWorkingDir/1EE7EBB3490D929ECF98A0B68F922F00/'.
[2021.10.30-19.38.16:408][  0]LogXGEController: Cannot use XGE Controller as Incredibuild is not installed on this machine.
[2021.10.30-19.38.16:408][  0]LogShaderCompilers: Cannot use XGE Shader Compiler as Incredibuild is not installed on this machine.
[2021.10.30-19.38.16:408][  0]LogShaderCompilers: Display: Using Local Shader Compiler.
[2021.10.30-19.38.17:347][  0]LogDerivedDataCache: Display: Max Cache Size: 512 MB
[2021.10.30-19.38.17:427][  0]LogDerivedDataCache: Loaded boot cache 0.08s 94MB C:/Users/brend/AppData/Local/UnrealEngine/4.27/DerivedDataCache/Boot.ddc.
[2021.10.30-19.38.17:427][  0]LogDerivedDataCache: Display: Loaded Boot cache: C:/Users/brend/AppData/Local/UnrealEngine/4.27/DerivedDataCache/Boot.ddc
[2021.10.30-19.38.17:427][  0]LogDerivedDataCache: FDerivedDataBackendGraph:  Pak pak cache file E:/Uni/1288 - Advanced Games Design and Development/Unreal-Pi/PiGame/DerivedDataCache/DDC.ddp not found, will not use a pak cache.
[2021.10.30-19.38.17:427][  0]LogDerivedDataCache: Unable to find inner node Pak for hierarchical cache Hierarchy.
[2021.10.30-19.38.17:427][  0]LogDerivedDataCache: FDerivedDataBackendGraph:  CompressedPak pak cache file E:/Uni/1288 - Advanced Games Design and Development/Unreal-Pi/PiGame/DerivedDataCache/Compressed.ddp not found, will not use a pak cache.
[2021.10.30-19.38.17:427][  0]LogDerivedDataCache: Unable to find inner node CompressedPak for hierarchical cache Hierarchy.
[2021.10.30-19.38.17:446][  0]LogDerivedDataCache: Display: Pak cache opened for reading ../../../Engine/DerivedDataCache/Compressed.ddp.
[2021.10.30-19.38.17:446][  0]LogDerivedDataCache: FDerivedDataBackendGraph:  EnterprisePak pak cache file ../../../Enterprise/DerivedDataCache/Compressed.ddp not found, will not use a pak cache.
[2021.10.30-19.38.17:446][  0]LogDerivedDataCache: Unable to find inner node EnterprisePak for hierarchical cache Hierarchy.
[2021.10.30-19.38.17:461][  0]LogDerivedDataCache: Speed tests for C:/Users/brend/AppData/Local/UnrealEngine/Common/DerivedDataCache took 0.02 seconds
[2021.10.30-19.38.17:462][  0]LogDerivedDataCache: Display: Performance to C:/Users/brend/AppData/Local/UnrealEngine/Common/DerivedDataCache: Latency=0.03ms. RandomReadSpeed=1214.96MBs, RandomWriteSpeed=66.51MBs. Assigned SpeedClass 'Local'
[2021.10.30-19.38.17:462][  0]LogDerivedDataCache: Using Local data cache path C:/Users/brend/AppData/Local/UnrealEngine/Common/DerivedDataCache: Writable
[2021.10.30-19.38.17:463][  0]LogDerivedDataCache: Shared data cache path not found in *engine.ini, will not use an Shared cache.
[2021.10.30-19.38.17:463][  0]LogDerivedDataCache: Unable to find inner node Shared for hierarchical cache Hierarchy.
[2021.10.30-19.38.17:525][  0]LogSlate: Using FreeType 2.10.0
[2021.10.30-19.38.17:526][  0]LogSlate: SlateFontServices - WITH_FREETYPE: 1, WITH_HARFBUZZ: 1
[2021.10.30-19.38.17:560][  0]LogAssetRegistry: FAssetRegistry took 0.0028 seconds to start up
[2021.10.30-19.38.17:838][  0]LogInit: Selected Device Profile: [Windows]
[2021.10.30-19.38.17:838][  0]LogInit: Active device profile: [000001CA93FE0F00][000001CA9539D880 49] Windows
[2021.10.30-19.38.17:838][  0]LogInit: Profiles: [000001CA93FE0F00][000001CA9539D880 49] Windows, [000001CA95BBAA00][000001CA92B6BA00 49] WindowsNoEditor, [000001CA93FE1F00][000001CA91165B80 49] WindowsServer, [000001CA95BB9C00][000001CA91168180 49] WindowsClient, [000001CA93FE1000][000001CA9116C300 49] IOS, [000001CA95BB9800][000001CA91170480 49] iPadAir, [000001CA93FE3300][000001CA91174600 49] iPadAir2, [000001CA95B39300][000001CA90F668C0 49] IPadPro, [000001CA95B39400][000001CA90F62900 49] iPadAir3, [000001CA95BB8B00][000001CA90FEAA40 49] iPadAir4, [000001CA95B3A100][000001CA94F62B80 49] iPadMini2, [000001CA95BBBA00][000001CA94F66CC0 49] iPadMini3, [000001CA95B3AC00][000001CA94F6EE40 49] iPadMini4, [000001CA95BBAD00][000001CA94F72FC0 49] iPadMini5, [000001CA95B50E00][000001CA94F7F280 49] iPhone6, [000001CA95B50F00][000001CA94F7B2C0 49] iPodTouch6, [000001CA93FE2800][000001CA94F8D580 49] iPhone7, [000001CA93FE2900][000001CA94F895C0 49] iPodTouch7, [000001CA95B38C00][000001CA90FB3740 49] iPhone5S, [000001CA93FE1300][000001CA90FB78C0 49] iPhone6Plus, [000001CA95B3AA00][000001CA90FBBA40 49] iPhone6S, [000001CA93FE2D00][000001CA90FBFBC0 49] iPhone6SPlus, [000001CA95B50100][000001CA94F761C0 49] iPhone7Plus, [000001CA95B39D00][000001CA957AC340 49] iPhoneSE, [000001CA95B50C00][000001CA90FCE4C0 49] iPhone8, [000001CA95B38400][000001CA9500C640 49] iPhone8Plus, [000001CA95B52A00][000001CA950107C0 49] iPhoneX, [000001CA95B3BC00][000001CA95014940 49] iPhoneXS, [000001CA95B52900][000001CA9288EAC0 49] iPhoneXSMax, [000001CA95B38B00][000001CA94F6AC00 49] iPhoneXR, [000001CA93FE3800][000001CA92B2ED40 49] iPhone11, [000001CA95B3BD00][000001CA95386E80 49] iPhone11Pro, [000001CA93FE1C00][000001CA95018FC0 49] iPhone11ProMax, [000001CA95B39100][000001CA95021140 49] iPhoneSE2, [000001CA93FE1200][000001CA950252C0 49] iPhone12Mini, [000001CA95B3B100][000001CA95029440 49] iPhone12, [000001CA93FE0900][000001CA9502D5C0 49] iPhone12Pro, [000001CA95B38D00][000001CA95031740 49] iPhone12ProMax, [000001CA93FE3C00][000001CA92B338C0 49] iPadPro105, [000001CA95B3B700][000001CA92B37A40 49] iPadPro129, [000001CA93FE3000][000001CA92B3BBC0 49] iPadPro97, [000001CA95B38F00][000001CA92B3E1C0 49] iPadPro2_129, [000001CA93FE0C00][000001CA92B42340 49] iPad5, [000001CA95B3BB00][000001CA92B464C0 49] iPad6, [000001CA93FE0400][000001CA92B4A640 49] iPad7, [000001CA95B3BE00][000001CA92B4E7C0 49] iPad8, [000001CA93FE1B00][000001CA92B52940 49] iPadPro11, [000001CA95B3A400][000001CA92B56AC0 49] iPadPro2_11, [000001CA93FE0800][000001CA94D60C40 49] iPadPro3_129, [000001CA95B3A800][000001CA9501CD80 49] iPadPro4_129, [000001CA93FE2F00][000001CA94D64EC0 49] AppleTV, [000001CA95B39200][000001CA94D69000 49] AppleTV4K, [000001CA93FE1700][000001CA94D6D140 49] TVOS, [000001CA95B3B600][000001CA94D752C0 49] Mac, [000001CA93FE3A00][000001CA94D79440 49] MacClient, [000001CA95B3A500][000001CA94D7D5C0 49] MacNoEditor, [000001CA93FE0500][000001CA94D81740 49] MacServer, [000001CA95B3A000][000001CA94D858C0 49] Linux, [000001CA93FE3B00][000001CA94D89A40 49] LinuxAArch64, [000001CA95B38300][000001CA94D8DBC0 49] LinuxNoEditor, [000001CA93FE3700][000001CA94D901C0 49] LinuxAArch64NoEditor, [000001CA95B3A600][000001CA94D94340 49] LinuxClient, [000001CA93FE2600][000001CA911024C0 49] LinuxAArch64Client, [000001CA95B39A00][000001CA91106640 49] LinuxServer, [000001CA93FE0200][000001CA9110A7C0 49] LinuxAArch64Server, [000001CA95B39600][000001CA9110E940 49] Android, [000001CA93FE2100][000001CA91112AC0 49] Android_Low, [000001CA95B3B800][000001CA91116C40 49] Android_Mid, [000001CA93FE0600][000001CA9111ADC0 49] Android_High, [000001CA95B3A300][000001CA9111EF40 49] Android_Default, [000001CA93FE2300][000001CA94D71080 49] Android_Adreno4xx, [000001CA95B3B000][000001CA911231C0 49] Android_Adreno5xx_Low, [000001CA93FE2A00][000001CA91127300 49] Android_Adreno5xx, [000001CA95B38100][000001CA9112F480 49] Android_Adreno6xx, [000001CA93FE0B00][000001CA91133600 49] Android_Adreno6xx_Vulkan, [000001CA95B38A00][000001CA91137780 49] Android_Mali_T6xx, [000001CA93FE0700][000001CA9113B900 49] Android_Mali_T7xx, [000001CA95BBA000][000001CA9113FA80 49] Android_Mali_T8xx, [000001CA95B50300][000001CA91143C00 49] Android_Mali_G71, [000001CA95BB8600][000001CA91146200 49] Android_Mali_G72, [000001CA95B51200][000001CA9114A380 49] Android_Mali_G72_Vulkan, [000001CA95BB9400][000001CA9114E500 49] Android_Mali_G76, [000001CA95B50700][000001CA91152680 49] Android_Mali_G76_Vulkan, [000001CA95BB9500][000001CA91156800 49] Android_Mali_G77, [000001CA95B53B00][000001CA94EBE980 49] Android_Mali_G77_Vulkan, [000001CA95BBA100][000001CA94EC2B00 49] Android_Mali_G78, [000001CA95B53100][000001CA94EC6C80 49] Android_Mali_G78_Vulkan, [000001CA95BBBF00][000001CA94ECAE00 49] Android_Mali_G710, [000001CA95B52C00][000001CA94ECEF80 49] Android_Mali_G710_Vulkan, [000001CA95BBBC00][000001CA94ED3100 49] Android_Vulkan_SM5, [000001CA95B53800][000001CA9112B240 49] Android_PowerVR_G6xxx, [000001CA95BB9F00][000001CA94ED7380 49] Android_PowerVR_GT7xxx, [000001CA95B51D00][000001CA94EDB4C0 49] Android_PowerVR_GE8xxx, [000001CA95BBB300][000001CA94EE3640 49] Android_PowerVR_GM9xxx, [000001CA95B50800][000001CA94EE77C0 49] Android_PowerVR_GM9xxx_Vulkan, [000001CA95BBA200][000001CA94EEB940 49] Android_TegraK1, [000001CA95B51000][000001CA94EEFAC0 49] Android_Unknown_Vulkan, [000001CA95BBA900][000001CA94EF20C0 49] Lumin, [000001CA95B53E00][000001CA94EF6240 49] Lumin_Desktop, [000001CA95BBB100][000001CA94EFA3C0 49] HoloLens, 
[2021.10.30-19.38.17:995][  0]LogMeshReduction: Using QuadricMeshReduction for automatic static mesh reduction
[2021.10.30-19.38.17:995][  0]LogMeshReduction: Using SimplygonMeshReduction for automatic skeletal mesh reduction
[2021.10.30-19.38.17:995][  0]LogMeshReduction: Using ProxyLODMeshReduction for automatic mesh merging
[2021.10.30-19.38.17:995][  0]LogMeshReduction: No distributed automatic mesh merging module available
[2021.10.30-19.38.17:995][  0]LogMeshMerging: No distributed automatic mesh merging module available
[2021.10.30-19.38.18:271][  0]LogNetVersion: PiGame 1.0.0, NetCL: 17155196, EngineNetVer: 17, GameNetVer: 0 (Checksum: 2418971937)
[2021.10.30-19.38.18:790][  0]LogTexture: Default maximum texture size for cubemaps generated from long-lat sources has been changed from 512 to unlimited. In order to preserve old behaiour for '/Engine/MapTemplates/Sky/DaylightAmbientCubemap.DaylightAmbientCubemap', its maximum texture size has been explicitly set to 512.
[2021.10.30-19.38.18:864][  0]LogHMD: PokeAHoleMaterial loaded successfully
[2021.10.30-19.38.18:871][  0]LogUObjectArray: 17178 objects as part of root set at end of initial load.
[2021.10.30-19.38.18:871][  0]LogUObjectAllocator: 4301856 out of 0 bytes used by permanent object pool.
[2021.10.30-19.38.18:871][  0]LogUObjectArray: CloseDisregardForGC: 0/0 objects in disregard for GC pool
[2021.10.30-19.38.19:204][  0]LogNiagaraDebuggerClient: Niagara Debugger Client Initialized | Session: 38C0B9C74D4A4CB9418CCCB251E38F14 | Instance: 83BDBA094DB834C1365FFD9A41316207 (BRENDANLAPTOP-5964).
[2021.10.30-19.38.19:246][  0]LogImageWrapper: Warning: PNG Warning: Duplicate iCCP chunk
[2021.10.30-19.38.19:246][  0]LogImageWrapper: Warning: PNG Warning: Duplicate iCCP chunk
[2021.10.30-19.38.19:246][  0]LogPython: Using Python 3.7.7
[2021.10.30-19.38.20:037][  0]LogTcpMessaging: Initializing TcpMessaging bridge
[2021.10.30-19.38.20:043][  0]LogUdpMessaging: Initializing bridge on interface 0.0.0.0:0 to multicast group 230.0.0.1:6666.
[2021.10.30-19.38.20:208][  0]SourceControl: Source control is disabled
[2021.10.30-19.38.20:208][  0]SourceControl: Source control is disabled
[2021.10.30-19.38.20:212][  0]SourceControl: Source control is disabled
[2021.10.30-19.38.20:215][  0]SourceControl: Source control is disabled
[2021.10.30-19.38.20:230][  0]SourceControl: Source control is disabled
[2021.10.30-19.38.20:237][  0]LogUProjectInfo: Found projects:
[2021.10.30-19.38.20:472][  0]LogOpenImageDenoise: OIDN starting up
[2021.10.30-19.38.20:531][  0]LogAndroidPermission: UAndroidPermissionCallbackProxy::GetInstance
[2021.10.30-19.38.20:557][  0]LogAudioCaptureCore: Display: No Audio Capture implementations found. Audio input will be silent.
[2021.10.30-19.38.20:557][  0]LogAudioCaptureCore: Display: No Audio Capture implementations found. Audio input will be silent.
[2021.10.30-19.38.20:708][  0]LogCollectionManager: Loaded 0 collections in 0.001506 seconds
[2021.10.30-19.38.20:733][  0]LogFileCache: Scanning file cache for directory 'E:/Uni/1288 - Advanced Games Design and Development/Unreal-Pi/PiGame/Saved/Collections/' took 0.00s
[2021.10.30-19.38.20:733][  0]LogFileCache: Scanning file cache for directory 'E:/Uni/1288 - Advanced Games Design and Development/Unreal-Pi/PiGame/Content/Developers/brend/Collections/' took 0.00s
[2021.10.30-19.38.20:733][  0]LogFileCache: Scanning file cache for directory 'E:/Uni/1288 - Advanced Games Design and Development/Unreal-Pi/PiGame/Content/Collections/' took 0.00s
[2021.10.30-19.38.20:733][  0]LogOcInput: OculusInput pre-init called
[2021.10.30-19.38.20:980][  0]LogImageWrapper: Warning: PNG Warning: Duplicate iCCP chunk
[2021.10.30-19.38.20:980][  0]LogImageWrapper: Warning: PNG Warning: Duplicate iCCP chunk
[2021.10.30-19.38.21:034][  0]LogEngine: Initializing Engine...
[2021.10.30-19.38.21:616][  0]LogHMD: Failed to enumerate extensions. Please check that you have a valid OpenXR runtime installed.
[2021.10.30-19.38.21:639][  0]LogHMD: Failed to initialize OpenVR with code 110
[2021.10.30-19.38.21:667][  0]LogMagicLeap: Warning: VR disabled because ZI is not enabled.  To enable, in the editor, Edit -> Project Settings -> Plugins -> Magic Leap Plugin -> Enable Zero Iteration
[2021.10.30-19.38.21:668][  0]LogStats: UGameplayTagsManager::InitializeManager -  0.000 s
[2021.10.30-19.38.21:828][  0]LogInit: Initializing FReadOnlyCVARCache
[2021.10.30-19.38.21:839][  0]LogAIModule: Creating AISystem for world Untitled
[2021.10.30-19.38.21:840][  0]LogAudio: Display: Initializing Audio Device Manager...
[2021.10.30-19.38.21:844][  0]LogAudio: Display: Loading Default Audio Settings Objects...
[2021.10.30-19.38.21:845][  0]LogAudio: Display: No default SoundConcurrencyObject specified (or failed to load).
[2021.10.30-19.38.21:845][  0]LogAudio: Display: Audio Device Manager Initialized
[2021.10.30-19.38.21:845][  0]LogAudio: Display: Creating Audio Device:                 Id: 1, Scope: Shared, Realtime: True
[2021.10.30-19.38.21:845][  0]LogAudioMixer: Display: Audio Mixer Platform Settings:
[2021.10.30-19.38.21:845][  0]LogAudioMixer: Display: 	Sample Rate:						  48000
[2021.10.30-19.38.21:845][  0]LogAudioMixer: Display: 	Callback Buffer Frame Size Requested: 1024
[2021.10.30-19.38.21:845][  0]LogAudioMixer: Display: 	Callback Buffer Frame Size To Use:	  1024
[2021.10.30-19.38.21:845][  0]LogAudioMixer: Display: 	Number of buffers to queue:			  2
[2021.10.30-19.38.21:845][  0]LogAudioMixer: Display: 	Max Channels (voices):				  32
[2021.10.30-19.38.21:845][  0]LogAudioMixer: Display: 	Number of Async Source Workers:		  0
[2021.10.30-19.38.21:845][  0]LogAudio: Display: AudioDevice MaxSources: 32
[2021.10.30-19.38.21:845][  0]LogAudio: Display: Audio Spatialization Plugin: None (built-in).
[2021.10.30-19.38.21:845][  0]LogAudio: Display: Audio Reverb Plugin: None (built-in).
[2021.10.30-19.38.21:845][  0]LogAudio: Display: Audio Occlusion Plugin: None (built-in).
[2021.10.30-19.38.21:845][  0]LogAudioMixer: Display: Initializing audio mixer.
[2021.10.30-19.38.21:860][  0]LogAudioMixer: Display: 0: FrontLeft
[2021.10.30-19.38.21:860][  0]LogAudioMixer: Display: 1: FrontRight
[2021.10.30-19.38.21:981][  0]LogAudioMixer: Display: Using Audio Device Speakers / Headphones (Realtek Audio)
[2021.10.30-19.38.21:985][  0]LogAudioMixer: Display: Initializing Sound Submixes...
[2021.10.30-19.38.21:988][  0]LogAudioMixer: Display: Creating Master Submix 'MasterSubmixDefault'
[2021.10.30-19.38.21:988][  0]LogAudioMixer: Display: Creating Master Submix 'MasterReverbSubmixDefault'
[2021.10.30-19.38.21:990][  0]LogAudioMixer: Display: Creating Master Submix 'MasterEQSubmixDefault'
[2021.10.30-19.38.21:990][  0]LogAudioMixer: FMixerPlatformXAudio2::StartAudioStream() called
[2021.10.30-19.38.21:990][  0]LogAudioMixer: Display: Output buffers initialized: Frames=1024, Channels=2, Samples=2048
[2021.10.30-19.38.21:990][  0]LogAudioMixer: Display: Starting AudioMixerPlatformInterface::RunInternal()
[2021.10.30-19.38.21:990][  0]LogAudioMixer: Display: FMixerPlatformXAudio2::SubmitBuffer() called for the first time
[2021.10.30-19.38.21:990][  0]LogInit: FAudioDevice initialized.
[2021.10.30-19.38.21:991][  0]LogAudio: Display: Audio Device (ID: 1) registered with world 'Untitled'.
[2021.10.30-19.38.21:991][  0]LogNetVersion: Set ProjectVersion to 1.0.0.0. Version Checksum will be recalculated on next use.
[2021.10.30-19.38.22:163][  0]LogDerivedDataCache: Saved boot cache 0.17s 94MB C:/Users/brend/AppData/Local/UnrealEngine/4.27/DerivedDataCache/Boot.ddc.
[2021.10.30-19.38.22:164][  0]LogInit: Texture streaming: Enabled
[2021.10.30-19.38.22:178][  0]LogAnalytics: Display: [UEEditor.Rocket.Release] APIServer = https://datarouter.ol.epicgames.com/. AppVersion = 4.27.1-17735300+++UE4+Release-4.27
[2021.10.30-19.38.22:181][  0]LogEngineSessionManager: EngineSessionManager initialized
[2021.10.30-19.38.22:181][  0]LogEditorSessionSummary: Verbose: Initializing EditorSessionSummaryWriter for editor session tracking
[2021.10.30-19.38.22:619][  0]LogEditorSessionSummary: EditorSessionSummaryWriter initialized
[2021.10.30-19.38.22:713][  0]LogInit: Transaction tracking system initialized
[2021.10.30-19.38.22:738][  0]BlueprintLog: New page: Editor Load
[2021.10.30-19.38.22:813][  0]LocalizationService: Localization service is disabled
[2021.10.30-19.38.22:848][  0]TimingProfiler: Initialize
[2021.10.30-19.38.22:848][  0]TimingProfiler: OnSessionChanged
[2021.10.30-19.38.22:848][  0]LoadingProfiler: Initialize
[2021.10.30-19.38.22:849][  0]LoadingProfiler: OnSessionChanged
[2021.10.30-19.38.22:849][  0]NetworkingProfiler: Initialize
[2021.10.30-19.38.22:849][  0]NetworkingProfiler: OnSessionChanged
[2021.10.30-19.38.22:849][  0]MemoryProfiler: Initialize
[2021.10.30-19.38.22:849][  0]MemoryProfiler: OnSessionChanged
[2021.10.30-19.38.23:593][  0]LogCook: Display: CookSettings for Memory: MemoryMaxUsedVirtual 0MiB, MemoryMaxUsedPhysical 16384MiB, MemoryMinFreeVirtual 0MiB, MemoryMinFreePhysical 1024MiB
[2021.10.30-19.38.23:593][  0]LogCook: Display: Mobile HDR setting 1
[2021.10.30-19.38.23:799][  0]LogFileCache: Scanning file cache for directory 'E:/Uni/1288 - Advanced Games Design and Development/Unreal-Pi/PiGame/Content/' took 0.01s
[2021.10.30-19.38.24:044][  0]LogImageWrapper: Warning: PNG Warning: Duplicate iCCP chunk
[2021.10.30-19.38.24:044][  0]LogImageWrapper: Warning: PNG Warning: Duplicate iCCP chunk
[2021.10.30-19.38.24:044][  0]LogInit: Display: Engine is initialized. Leaving FEngineLoop::Init()
[2021.10.30-19.38.24:048][  0]SourceControl: Source control is disabled
[2021.10.30-19.38.24:048][  0]LogUnrealEdMisc: Loading editor; pre map load, took 11.432
[2021.10.30-19.38.24:048][  0]Cmd: MAP LOAD FILE="E:/Uni/1288 - Advanced Games Design and Development/Unreal-Pi/PiGame/Content/StarterContent/Maps/Minimal_Default.umap" TEMPLATE=0 SHOWPROGRESS=1 FEATURELEVEL=3
[2021.10.30-19.38.24:058][  0]LightingResults: New page: Lighting Build
[2021.10.30-19.38.24:059][  0]LogWorld: UWorld::CleanupWorld for Untitled, bSessionEnded=true, bCleanupResources=true
[2021.10.30-19.38.24:059][  0]LogSlate: InvalidateAllWidgets triggered.  All widgets were invalidated
[2021.10.30-19.38.24:059][  0]MapCheck: New page: Map Check
[2021.10.30-19.38.24:060][  0]LightingResults: New page: Lighting Build
[2021.10.30-19.38.24:064][  0]LogAudio: Display: Audio Device unregistered from world 'None'.
[2021.10.30-19.38.24:066][  0]LogUObjectHash: Compacting FUObjectHashTables data took   0.79ms
[2021.10.30-19.38.25:901][  0]LogAudio: Display: Audio Device (ID: 1) registered with world 'Minimal_Default'.
[2021.10.30-19.38.25:902][  0]LogAIModule: Creating AISystem for world Minimal_Default
[2021.10.30-19.38.26:100][  0]LogEditorServer: Finished looking for orphan Actors (0.000 secs)
[2021.10.30-19.38.26:110][  0]LogUObjectHash: Compacting FUObjectHashTables data took   1.28ms
[2021.10.30-19.38.26:110][  0]Cmd: MAP CHECKDEP NOCLEARLOG
[2021.10.30-19.38.26:110][  0]MapCheck: Map check complete: 0 Error(s), 0 Warning(s), took 0.178ms to complete.
[2021.10.30-19.38.26:110][  0]LogFileHelpers: Loading map 'Minimal_Default' took 2.062
[2021.10.30-19.38.26:113][  0]LogUnrealEdMisc: Total Editor Startup Time, took 13.496
[2021.10.30-19.38.28:678][  0]LogSlate: Updating window title bar state: overlay mode, drag disabled, window buttons hidden, title bar hidden
[2021.10.30-19.38.28:729][  0]LogSlate: Updating window title bar state: overlay mode, drag disabled, window buttons hidden, title bar hidden
[2021.10.30-19.38.28:735][  0]LogSlate: Updating window title bar state: overlay mode, drag disabled, window buttons hidden, title bar hidden
[2021.10.30-19.38.28:743][  0]LogSlate: Updating window title bar state: overlay mode, drag disabled, window buttons hidden, title bar hidden
[2021.10.30-19.38.29:197][  0]LogNativeClassHierarchy: Verbose: Native class hierarchy populated in 0.0118 seconds. Added 3822 classes and 928 folders.
[2021.10.30-19.38.29:451][  0]LogNativeClassHierarchy: Verbose: Native class hierarchy updated for 'WidgetCarousel' in 0.0003 seconds. Added 0 classes and 0 folders.
[2021.10.30-19.38.29:657][  0]LogPakFile: PakFile PrimaryIndexSize=187
[2021.10.30-19.38.29:657][  0]LogPakFile: PakFile PathHashIndexSize=101
[2021.10.30-19.38.29:657][  0]LogPakFile: PakFile FullDirectoryIndexSize=148
[2021.10.30-19.38.29:657][  0]LogShaderLibrary: Display: ShaderCodeLibraryPakFileMountedCallback: PakFile 'D:/Unreal Engine/UE_4.27/FeaturePacks/FP_FirstPerson.upack' (chunk index -1, root 'root:/') mounted
[2021.10.30-19.38.29:657][  0]LogShaderLibrary: Display: ShaderCodeLibraryPakFileMountedCallback: pending pak file info (ChunkID:-1 Root:root:/ File:D:/Unreal Engine/UE_4.27/FeaturePacks/FP_FirstPerson.upack)
[2021.10.30-19.38.29:657][  0]LogPakFile: OnPakFileMounted2Time == 0.000072
[2021.10.30-19.38.29:744][  0]LogPakFile: PakFile PrimaryIndexSize=189
[2021.10.30-19.38.29:744][  0]LogPakFile: PakFile PathHashIndexSize=101
[2021.10.30-19.38.29:744][  0]LogPakFile: PakFile FullDirectoryIndexSize=152
[2021.10.30-19.38.29:744][  0]LogShaderLibrary: Display: ShaderCodeLibraryPakFileMountedCallback: PakFile 'D:/Unreal Engine/UE_4.27/FeaturePacks/FP_FirstPersonBP.upack' (chunk index -1, root 'root:/') mounted
[2021.10.30-19.38.29:744][  0]LogShaderLibrary: Display: ShaderCodeLibraryPakFileMountedCallback: pending pak file info (ChunkID:-1 Root:root:/ File:D:/Unreal Engine/UE_4.27/FeaturePacks/FP_FirstPersonBP.upack)
[2021.10.30-19.38.29:744][  0]LogPakFile: OnPakFileMounted2Time == 0.000055
[2021.10.30-19.38.29:777][  0]LogPakFile: PakFile PrimaryIndexSize=191
[2021.10.30-19.38.29:778][  0]LogPakFile: PakFile PathHashIndexSize=101
[2021.10.30-19.38.29:778][  0]LogPakFile: PakFile FullDirectoryIndexSize=160
[2021.10.30-19.38.29:778][  0]LogShaderLibrary: Display: ShaderCodeLibraryPakFileMountedCallback: PakFile 'D:/Unreal Engine/UE_4.27/FeaturePacks/MobileStarterContent.upack' (chunk index -1, root 'root:/') mounted
[2021.10.30-19.38.29:778][  0]LogShaderLibrary: Display: ShaderCodeLibraryPakFileMountedCallback: pending pak file info (ChunkID:-1 Root:root:/ File:D:/Unreal Engine/UE_4.27/FeaturePacks/MobileStarterContent.upack)
[2021.10.30-19.38.29:778][  0]LogPakFile: OnPakFileMounted2Time == 0.000048
[2021.10.30-19.38.29:786][  0]LogPakFile: PakFile PrimaryIndexSize=185
[2021.10.30-19.38.29:786][  0]LogPakFile: PakFile PathHashIndexSize=101
[2021.10.30-19.38.29:786][  0]LogPakFile: PakFile FullDirectoryIndexSize=148
[2021.10.30-19.38.29:786][  0]LogShaderLibrary: Display: ShaderCodeLibraryPakFileMountedCallback: PakFile 'D:/Unreal Engine/UE_4.27/FeaturePacks/StarterContent.upack' (chunk index -1, root 'root:/') mounted
[2021.10.30-19.38.29:786][  0]LogShaderLibrary: Display: ShaderCodeLibraryPakFileMountedCallback: pending pak file info (ChunkID:-1 Root:root:/ File:D:/Unreal Engine/UE_4.27/FeaturePacks/StarterContent.upack)
[2021.10.30-19.38.29:786][  0]LogPakFile: OnPakFileMounted2Time == 0.000067
[2021.10.30-19.38.29:818][  0]LogPakFile: PakFile PrimaryIndexSize=190
[2021.10.30-19.38.29:818][  0]LogPakFile: PakFile PathHashIndexSize=101
[2021.10.30-19.38.29:818][  0]LogPakFile: PakFile FullDirectoryIndexSize=154
[2021.10.30-19.38.29:818][  0]LogShaderLibrary: Display: ShaderCodeLibraryPakFileMountedCallback: PakFile 'D:/Unreal Engine/UE_4.27/FeaturePacks/TP_2DSideScroller.upack' (chunk index -1, root 'root:/') mounted
[2021.10.30-19.38.29:818][  0]LogShaderLibrary: Display: ShaderCodeLibraryPakFileMountedCallback: pending pak file info (ChunkID:-1 Root:root:/ File:D:/Unreal Engine/UE_4.27/FeaturePacks/TP_2DSideScroller.upack)
[2021.10.30-19.38.29:818][  0]LogPakFile: OnPakFileMounted2Time == 0.000047
[2021.10.30-19.38.29:841][  0]LogPakFile: PakFile PrimaryIndexSize=192
[2021.10.30-19.38.29:841][  0]LogPakFile: PakFile PathHashIndexSize=101
[2021.10.30-19.38.29:841][  0]LogPakFile: PakFile FullDirectoryIndexSize=158
[2021.10.30-19.38.29:841][  0]LogShaderLibrary: Display: ShaderCodeLibraryPakFileMountedCallback: PakFile 'D:/Unreal Engine/UE_4.27/FeaturePacks/TP_2DSideScrollerBP.upack' (chunk index -1, root 'root:/') mounted
[2021.10.30-19.38.29:841][  0]LogShaderLibrary: Display: ShaderCodeLibraryPakFileMountedCallback: pending pak file info (ChunkID:-1 Root:root:/ File:D:/Unreal Engine/UE_4.27/FeaturePacks/TP_2DSideScrollerBP.upack)
[2021.10.30-19.38.29:841][  0]LogPakFile: OnPakFileMounted2Time == 0.000046
[2021.10.30-19.38.29:896][  0]LogPakFile: PakFile PrimaryIndexSize=182
[2021.10.30-19.38.29:896][  0]LogPakFile: PakFile PathHashIndexSize=101
[2021.10.30-19.38.29:896][  0]LogPakFile: PakFile FullDirectoryIndexSize=138
[2021.10.30-19.38.29:896][  0]LogShaderLibrary: Display: ShaderCodeLibraryPakFileMountedCallback: PakFile 'D:/Unreal Engine/UE_4.27/FeaturePacks/TP_Flying.upack' (chunk index -1, root 'root:/') mounted
[2021.10.30-19.38.29:896][  0]LogShaderLibrary: Display: ShaderCodeLibraryPakFileMountedCallback: pending pak file info (ChunkID:-1 Root:root:/ File:D:/Unreal Engine/UE_4.27/FeaturePacks/TP_Flying.upack)
[2021.10.30-19.38.29:896][  0]LogPakFile: OnPakFileMounted2Time == 0.000046
[2021.10.30-19.38.29:940][  0]LogPakFile: PakFile PrimaryIndexSize=184
[2021.10.30-19.38.29:940][  0]LogPakFile: PakFile PathHashIndexSize=101
[2021.10.30-19.38.29:940][  0]LogPakFile: PakFile FullDirectoryIndexSize=142
[2021.10.30-19.38.29:940][  0]LogShaderLibrary: Display: ShaderCodeLibraryPakFileMountedCallback: PakFile 'D:/Unreal Engine/UE_4.27/FeaturePacks/TP_FlyingBP.upack' (chunk index -1, root 'root:/') mounted
[2021.10.30-19.38.29:940][  0]LogShaderLibrary: Display: ShaderCodeLibraryPakFileMountedCallback: pending pak file info (ChunkID:-1 Root:root:/ File:D:/Unreal Engine/UE_4.27/FeaturePacks/TP_FlyingBP.upack)
[2021.10.30-19.38.29:940][  0]LogPakFile: OnPakFileMounted2Time == 0.000046
[2021.10.30-19.38.30:013][  0]LogPakFile: PakFile PrimaryIndexSize=188
[2021.10.30-19.38.30:013][  0]LogPakFile: PakFile PathHashIndexSize=101
[2021.10.30-19.38.30:013][  0]LogPakFile: PakFile FullDirectoryIndexSize=150
[2021.10.30-19.38.30:013][  0]LogShaderLibrary: Display: ShaderCodeLibraryPakFileMountedCallback: PakFile 'D:/Unreal Engine/UE_4.27/FeaturePacks/TP_HandheldARBP.upack' (chunk index -1, root 'root:/') mounted
[2021.10.30-19.38.30:013][  0]LogShaderLibrary: Display: ShaderCodeLibraryPakFileMountedCallback: pending pak file info (ChunkID:-1 Root:root:/ File:D:/Unreal Engine/UE_4.27/FeaturePacks/TP_HandheldARBP.upack)
[2021.10.30-19.38.30:013][  0]LogPakFile: OnPakFileMounted2Time == 0.000047
[2021.10.30-19.38.30:065][  0]LogPakFile: PakFile PrimaryIndexSize=182
[2021.10.30-19.38.30:065][  0]LogPakFile: PakFile PathHashIndexSize=101
[2021.10.30-19.38.30:065][  0]LogPakFile: PakFile FullDirectoryIndexSize=138
[2021.10.30-19.38.30:065][  0]LogShaderLibrary: Display: ShaderCodeLibraryPakFileMountedCallback: PakFile 'D:/Unreal Engine/UE_4.27/FeaturePacks/TP_Puzzle.upack' (chunk index -1, root 'root:/') mounted
[2021.10.30-19.38.30:065][  0]LogShaderLibrary: Display: ShaderCodeLibraryPakFileMountedCallback: pending pak file info (ChunkID:-1 Root:root:/ File:D:/Unreal Engine/UE_4.27/FeaturePacks/TP_Puzzle.upack)
[2021.10.30-19.38.30:065][  0]LogPakFile: OnPakFileMounted2Time == 0.000046
[2021.10.30-19.38.30:072][  0]LogPakFile: PakFile PrimaryIndexSize=184
[2021.10.30-19.38.30:072][  0]LogPakFile: PakFile PathHashIndexSize=101
[2021.10.30-19.38.30:072][  0]LogPakFile: PakFile FullDirectoryIndexSize=142
[2021.10.30-19.38.30:072][  0]LogShaderLibrary: Display: ShaderCodeLibraryPakFileMountedCallback: PakFile 'D:/Unreal Engine/UE_4.27/FeaturePacks/TP_PuzzleBP.upack' (chunk index -1, root 'root:/') mounted
[2021.10.30-19.38.30:072][  0]LogShaderLibrary: Display: ShaderCodeLibraryPakFileMountedCallback: pending pak file info (ChunkID:-1 Root:root:/ File:D:/Unreal Engine/UE_4.27/FeaturePacks/TP_PuzzleBP.upack)
[2021.10.30-19.38.30:072][  0]LogPakFile: OnPakFileMounted2Time == 0.000053
[2021.10.30-19.38.30:167][  0]LogPakFile: PakFile PrimaryIndexSize=183
[2021.10.30-19.38.30:167][  0]LogPakFile: PakFile PathHashIndexSize=101
[2021.10.30-19.38.30:167][  0]LogPakFile: PakFile FullDirectoryIndexSize=140
[2021.10.30-19.38.30:167][  0]LogShaderLibrary: Display: ShaderCodeLibraryPakFileMountedCallback: PakFile 'D:/Unreal Engine/UE_4.27/FeaturePacks/TP_Rolling.upack' (chunk index -1, root 'root:/') mounted
[2021.10.30-19.38.30:167][  0]LogShaderLibrary: Display: ShaderCodeLibraryPakFileMountedCallback: pending pak file info (ChunkID:-1 Root:root:/ File:D:/Unreal Engine/UE_4.27/FeaturePacks/TP_Rolling.upack)
[2021.10.30-19.38.30:167][  0]LogPakFile: OnPakFileMounted2Time == 0.000043
[2021.10.30-19.38.30:235][  0]LogPakFile: PakFile PrimaryIndexSize=185
[2021.10.30-19.38.30:235][  0]LogPakFile: PakFile PathHashIndexSize=101
[2021.10.30-19.38.30:235][  0]LogPakFile: PakFile FullDirectoryIndexSize=144
[2021.10.30-19.38.30:235][  0]LogShaderLibrary: Display: ShaderCodeLibraryPakFileMountedCallback: PakFile 'D:/Unreal Engine/UE_4.27/FeaturePacks/TP_RollingBP.upack' (chunk index -1, root 'root:/') mounted
[2021.10.30-19.38.30:235][  0]LogShaderLibrary: Display: ShaderCodeLibraryPakFileMountedCallback: pending pak file info (ChunkID:-1 Root:root:/ File:D:/Unreal Engine/UE_4.27/FeaturePacks/TP_RollingBP.upack)
[2021.10.30-19.38.30:235][  0]LogPakFile: OnPakFileMounted2Time == 0.000050
[2021.10.30-19.38.30:300][  0]LogPakFile: PakFile PrimaryIndexSize=188
[2021.10.30-19.38.30:300][  0]LogPakFile: PakFile PathHashIndexSize=101
[2021.10.30-19.38.30:300][  0]LogPakFile: PakFile FullDirectoryIndexSize=150
[2021.10.30-19.38.30:300][  0]LogShaderLibrary: Display: ShaderCodeLibraryPakFileMountedCallback: PakFile 'D:/Unreal Engine/UE_4.27/FeaturePacks/TP_SideScroller.upack' (chunk index -1, root 'root:/') mounted
[2021.10.30-19.38.30:300][  0]LogShaderLibrary: Display: ShaderCodeLibraryPakFileMountedCallback: pending pak file info (ChunkID:-1 Root:root:/ File:D:/Unreal Engine/UE_4.27/FeaturePacks/TP_SideScroller.upack)
[2021.10.30-19.38.30:300][  0]LogPakFile: OnPakFileMounted2Time == 0.000047
[2021.10.30-19.38.30:352][  0]LogPakFile: PakFile PrimaryIndexSize=190
[2021.10.30-19.38.30:352][  0]LogPakFile: PakFile PathHashIndexSize=101
[2021.10.30-19.38.30:352][  0]LogPakFile: PakFile FullDirectoryIndexSize=154
[2021.10.30-19.38.30:352][  0]LogShaderLibrary: Display: ShaderCodeLibraryPakFileMountedCallback: PakFile 'D:/Unreal Engine/UE_4.27/FeaturePacks/TP_SideScrollerBP.upack' (chunk index -1, root 'root:/') mounted
[2021.10.30-19.38.30:352][  0]LogShaderLibrary: Display: ShaderCodeLibraryPakFileMountedCallback: pending pak file info (ChunkID:-1 Root:root:/ File:D:/Unreal Engine/UE_4.27/FeaturePacks/TP_SideScrollerBP.upack)
[2021.10.30-19.38.30:352][  0]LogPakFile: OnPakFileMounted2Time == 0.000047
[2021.10.30-19.38.30:364][  0]LogPakFile: PakFile PrimaryIndexSize=187
[2021.10.30-19.38.30:364][  0]LogPakFile: PakFile PathHashIndexSize=101
[2021.10.30-19.38.30:364][  0]LogPakFile: PakFile FullDirectoryIndexSize=148
[2021.10.30-19.38.30:364][  0]LogShaderLibrary: Display: ShaderCodeLibraryPakFileMountedCallback: PakFile 'D:/Unreal Engine/UE_4.27/FeaturePacks/TP_ThirdPerson.upack' (chunk index -1, root 'root:/') mounted
[2021.10.30-19.38.30:364][  0]LogShaderLibrary: Display: ShaderCodeLibraryPakFileMountedCallback: pending pak file info (ChunkID:-1 Root:root:/ File:D:/Unreal Engine/UE_4.27/FeaturePacks/TP_ThirdPerson.upack)
[2021.10.30-19.38.30:364][  0]LogPakFile: OnPakFileMounted2Time == 0.000047
[2021.10.30-19.38.30:375][  0]LogPakFile: PakFile PrimaryIndexSize=189
[2021.10.30-19.38.30:375][  0]LogPakFile: PakFile PathHashIndexSize=101
[2021.10.30-19.38.30:375][  0]LogPakFile: PakFile FullDirectoryIndexSize=152
[2021.10.30-19.38.30:375][  0]LogShaderLibrary: Display: ShaderCodeLibraryPakFileMountedCallback: PakFile 'D:/Unreal Engine/UE_4.27/FeaturePacks/TP_ThirdPersonBP.upack' (chunk index -1, root 'root:/') mounted
[2021.10.30-19.38.30:375][  0]LogShaderLibrary: Display: ShaderCodeLibraryPakFileMountedCallback: pending pak file info (ChunkID:-1 Root:root:/ File:D:/Unreal Engine/UE_4.27/FeaturePacks/TP_ThirdPersonBP.upack)
[2021.10.30-19.38.30:375][  0]LogPakFile: OnPakFileMounted2Time == 0.000046
[2021.10.30-19.38.30:413][  0]LogPakFile: PakFile PrimaryIndexSize=183
[2021.10.30-19.38.30:413][  0]LogPakFile: PakFile PathHashIndexSize=101
[2021.10.30-19.38.30:413][  0]LogPakFile: PakFile FullDirectoryIndexSize=140
[2021.10.30-19.38.30:413][  0]LogShaderLibrary: Display: ShaderCodeLibraryPakFileMountedCallback: PakFile 'D:/Unreal Engine/UE_4.27/FeaturePacks/TP_TopDown.upack' (chunk index -1, root 'root:/') mounted
[2021.10.30-19.38.30:413][  0]LogShaderLibrary: Display: ShaderCodeLibraryPakFileMountedCallback: pending pak file info (ChunkID:-1 Root:root:/ File:D:/Unreal Engine/UE_4.27/FeaturePacks/TP_TopDown.upack)
[2021.10.30-19.38.30:413][  0]LogPakFile: OnPakFileMounted2Time == 0.000055
[2021.10.30-19.38.30:542][  0]LogPakFile: PakFile PrimaryIndexSize=185
[2021.10.30-19.38.30:542][  0]LogPakFile: PakFile PathHashIndexSize=101
[2021.10.30-19.38.30:542][  0]LogPakFile: PakFile FullDirectoryIndexSize=144
[2021.10.30-19.38.30:542][  0]LogShaderLibrary: Display: ShaderCodeLibraryPakFileMountedCallback: PakFile 'D:/Unreal Engine/UE_4.27/FeaturePacks/TP_TopDownBP.upack' (chunk index -1, root 'root:/') mounted
[2021.10.30-19.38.30:542][  0]LogShaderLibrary: Display: ShaderCodeLibraryPakFileMountedCallback: pending pak file info (ChunkID:-1 Root:root:/ File:D:/Unreal Engine/UE_4.27/FeaturePacks/TP_TopDownBP.upack)
[2021.10.30-19.38.30:542][  0]LogPakFile: OnPakFileMounted2Time == 0.000062
[2021.10.30-19.38.30:622][  0]LogPakFile: PakFile PrimaryIndexSize=185
[2021.10.30-19.38.30:622][  0]LogPakFile: PakFile PathHashIndexSize=101
[2021.10.30-19.38.30:622][  0]LogPakFile: PakFile FullDirectoryIndexSize=144
[2021.10.30-19.38.30:622][  0]LogShaderLibrary: Display: ShaderCodeLibraryPakFileMountedCallback: PakFile 'D:/Unreal Engine/UE_4.27/FeaturePacks/TP_TwinStick.upack' (chunk index -1, root 'root:/') mounted
[2021.10.30-19.38.30:622][  0]LogShaderLibrary: Display: ShaderCodeLibraryPakFileMountedCallback: pending pak file info (ChunkID:-1 Root:root:/ File:D:/Unreal Engine/UE_4.27/FeaturePacks/TP_TwinStick.upack)
[2021.10.30-19.38.30:622][  0]LogPakFile: OnPakFileMounted2Time == 0.000060
[2021.10.30-19.38.30:661][  0]LogPakFile: PakFile PrimaryIndexSize=187
[2021.10.30-19.38.30:661][  0]LogPakFile: PakFile PathHashIndexSize=101
[2021.10.30-19.38.30:661][  0]LogPakFile: PakFile FullDirectoryIndexSize=148
[2021.10.30-19.38.30:661][  0]LogShaderLibrary: Display: ShaderCodeLibraryPakFileMountedCallback: PakFile 'D:/Unreal Engine/UE_4.27/FeaturePacks/TP_TwinStickBP.upack' (chunk index -1, root 'root:/') mounted
[2021.10.30-19.38.30:661][  0]LogShaderLibrary: Display: ShaderCodeLibraryPakFileMountedCallback: pending pak file info (ChunkID:-1 Root:root:/ File:D:/Unreal Engine/UE_4.27/FeaturePacks/TP_TwinStickBP.upack)
[2021.10.30-19.38.30:661][  0]LogPakFile: OnPakFileMounted2Time == 0.000056
[2021.10.30-19.38.30:670][  0]LogPakFile: PakFile PrimaryIndexSize=183
[2021.10.30-19.38.30:670][  0]LogPakFile: PakFile PathHashIndexSize=101
[2021.10.30-19.38.30:670][  0]LogPakFile: PakFile FullDirectoryIndexSize=140
[2021.10.30-19.38.30:670][  0]LogShaderLibrary: Display: ShaderCodeLibraryPakFileMountedCallback: PakFile 'D:/Unreal Engine/UE_4.27/FeaturePacks/TP_Vehicle.upack' (chunk index -1, root 'root:/') mounted
[2021.10.30-19.38.30:670][  0]LogShaderLibrary: Display: ShaderCodeLibraryPakFileMountedCallback: pending pak file info (ChunkID:-1 Root:root:/ File:D:/Unreal Engine/UE_4.27/FeaturePacks/TP_Vehicle.upack)
[2021.10.30-19.38.30:670][  0]LogPakFile: OnPakFileMounted2Time == 0.000101
[2021.10.30-19.38.30:697][  0]LogPakFile: PakFile PrimaryIndexSize=186
[2021.10.30-19.38.30:697][  0]LogPakFile: PakFile PathHashIndexSize=101
[2021.10.30-19.38.30:697][  0]LogPakFile: PakFile FullDirectoryIndexSize=146
[2021.10.30-19.38.30:697][  0]LogShaderLibrary: Display: ShaderCodeLibraryPakFileMountedCallback: PakFile 'D:/Unreal Engine/UE_4.27/FeaturePacks/TP_VehicleAdv.upack' (chunk index -1, root 'root:/') mounted
[2021.10.30-19.38.30:697][  0]LogShaderLibrary: Display: ShaderCodeLibraryPakFileMountedCallback: pending pak file info (ChunkID:-1 Root:root:/ File:D:/Unreal Engine/UE_4.27/FeaturePacks/TP_VehicleAdv.upack)
[2021.10.30-19.38.30:697][  0]LogPakFile: OnPakFileMounted2Time == 0.000069
[2021.10.30-19.38.30:706][  0]LogPakFile: PakFile PrimaryIndexSize=188
[2021.10.30-19.38.30:706][  0]LogPakFile: PakFile PathHashIndexSize=101
[2021.10.30-19.38.30:706][  0]LogPakFile: PakFile FullDirectoryIndexSize=150
[2021.10.30-19.38.30:706][  0]LogShaderLibrary: Display: ShaderCodeLibraryPakFileMountedCallback: PakFile 'D:/Unreal Engine/UE_4.27/FeaturePacks/TP_VehicleAdvBP.upack' (chunk index -1, root 'root:/') mounted
[2021.10.30-19.38.30:706][  0]LogShaderLibrary: Display: ShaderCodeLibraryPakFileMountedCallback: pending pak file info (ChunkID:-1 Root:root:/ File:D:/Unreal Engine/UE_4.27/FeaturePacks/TP_VehicleAdvBP.upack)
[2021.10.30-19.38.30:706][  0]LogPakFile: OnPakFileMounted2Time == 0.000081
[2021.10.30-19.38.30:747][  0]LogPakFile: PakFile PrimaryIndexSize=185
[2021.10.30-19.38.30:747][  0]LogPakFile: PakFile PathHashIndexSize=101
[2021.10.30-19.38.30:747][  0]LogPakFile: PakFile FullDirectoryIndexSize=144
[2021.10.30-19.38.30:747][  0]LogShaderLibrary: Display: ShaderCodeLibraryPakFileMountedCallback: PakFile 'D:/Unreal Engine/UE_4.27/FeaturePacks/TP_VehicleBP.upack' (chunk index -1, root 'root:/') mounted
[2021.10.30-19.38.30:747][  0]LogShaderLibrary: Display: ShaderCodeLibraryPakFileMountedCallback: pending pak file info (ChunkID:-1 Root:root:/ File:D:/Unreal Engine/UE_4.27/FeaturePacks/TP_VehicleBP.upack)
[2021.10.30-19.38.30:747][  0]LogPakFile: OnPakFileMounted2Time == 0.000046
[2021.10.30-19.38.30:761][  0]LogPakFile: PakFile PrimaryIndexSize=192
[2021.10.30-19.38.30:761][  0]LogPakFile: PakFile PathHashIndexSize=101
[2021.10.30-19.38.30:761][  0]LogPakFile: PakFile FullDirectoryIndexSize=158
[2021.10.30-19.38.30:761][  0]LogShaderLibrary: Display: ShaderCodeLibraryPakFileMountedCallback: PakFile 'D:/Unreal Engine/UE_4.27/FeaturePacks/TP_VirtualRealityBP.upack' (chunk index -1, root 'root:/') mounted
[2021.10.30-19.38.30:761][  0]LogShaderLibrary: Display: ShaderCodeLibraryPakFileMountedCallback: pending pak file info (ChunkID:-1 Root:root:/ File:D:/Unreal Engine/UE_4.27/FeaturePacks/TP_VirtualRealityBP.upack)
[2021.10.30-19.38.30:761][  0]LogPakFile: OnPakFileMounted2Time == 0.000047
[2021.10.30-19.38.33:065][  0]LogNativeClassHierarchy: Verbose: Native class hierarchy updated for 'AddContentDialog' in 0.0003 seconds. Added 0 classes and 0 folders.
[2021.10.30-19.38.41:100][  0]LogSlate: Only BGRA pngs, bmps or icos are supported in by External Image Picker
[2021.10.30-19.38.41:438][  0]LogSlate: Took 0.000347 seconds to synchronously load lazily loaded font '../../../Engine/Content/Slate/Fonts/Roboto-Regular.ttf' (155K)
[2021.10.30-19.38.41:479][  0]LogSlate: Took 0.024096 seconds to synchronously load lazily loaded font '../../../Engine/Content/Editor/Slate/Fonts/FontAwesome.ttf' (139K)
[2021.10.30-19.38.41:498][  0]LogSlate: Took 0.000232 seconds to synchronously load lazily loaded font '../../../Engine/Content/Slate/Fonts/Roboto-Bold.ttf' (160K)
[2021.10.30-19.38.42:549][  0]LogRenderer: Reallocating scene render targets to support 1208x572 Format 10 NumSamples 1 (Frame:1).
[2021.10.30-19.38.43:911][  0]LogNativeClassHierarchy: Verbose: Native class hierarchy updated for 'HierarchicalLODOutliner' in 0.0003 seconds. Added 0 classes and 0 folders.
[2021.10.30-19.38.43:911][  0]LogLoad: (Engine Initialization) Total time: 31.29 seconds
[2021.10.30-19.38.43:911][  0]LogLoad: (Engine Initialization) Total Blueprint compile time: 0.00 seconds
[2021.10.30-19.38.44:044][  0]LogAssetRegistry: Asset discovery search completed in 26.4853 seconds
[2021.10.30-19.38.44:051][  0]LogCollectionManager: Fixed up redirectors for 0 collections in 0.000003 seconds (updated 0 objects)
[2021.10.30-19.38.44:113][  0]LogContentStreaming: Texture pool size now 1000 MB
[2021.10.30-19.38.44:696][  2]LogSlate: Took 0.065255 seconds to synchronously load lazily loaded font '../../../Engine/Content/Slate/Fonts/Roboto-Light.ttf' (167K)
[2021.10.30-19.38.45:278][  4]LogSlate: Took 0.000222 seconds to synchronously load lazily loaded font '../../../Engine/Content/Slate/Fonts/Roboto-Light.ttf' (167K)
[2021.10.30-19.40.28:814][533]LogAssetEditorSubsystem: Opening Asset editor for Blueprint /Game/Blueprints/RatController.RatController
[2021.10.30-19.40.30:018][533]LogBlueprintEditor: Perf: 0.7 total seconds to load all 5 blueprint libraries in project. Avoid references to content in blueprint libraries to shorten this time.
[2021.10.30-19.40.30:018][533]LogBlueprintEditor: Perf: 0.4 seconds loading: /Engine/ArtTools/RenderToTexture/Macros/RenderToTextureMacros
[2021.10.30-19.40.30:018][533]LogBlueprintEditor: Perf: 0.2 seconds loading: /Engine/ArtTools/RenderToTexture/Macros/RenderToTextureFunctionLibrary
[2021.10.30-19.40.31:433][533]LogNativeClassHierarchy: Verbose: Native class hierarchy updated for 'BlueprintGraph' in 0.0006 seconds. Added 126 classes and 0 folders.
[2021.10.30-19.40.34:688][533]LogAssetEditorSubsystem: Opening Asset editor for Blueprint /Game/Blueprints/CameraController.CameraController
[2021.10.30-19.40.35:445][533]LogSlate: Took 0.013106 seconds to synchronously load lazily loaded font '../../../Engine/Content/Slate/Fonts/Roboto-BoldCondensed.ttf' (158K)
[2021.10.30-19.40.36:680][534]LogSlate: Took 0.034682 seconds to synchronously load lazily loaded font '../../../Engine/Content/Slate/Fonts/Roboto-Italic.ttf' (157K)
[2021.10.30-19.40.55:608][802]LogSlate: Window 'RatController' being destroyed
[2021.10.30-19.41.05:360][ 98]LogUObjectHash: Compacting FUObjectHashTables data took   3.09ms
[2021.10.30-19.41.05:587][ 98]LogAssetEditorSubsystem: Opening Asset editor for World /Game/Levels/Level1.Level1
[2021.10.30-19.41.05:587][ 98]Cmd: MAP LOAD FILE="E:/Uni/1288 - Advanced Games Design and Development/Unreal-Pi/PiGame/Content/Levels/Level1.umap" TEMPLATE=0 SHOWPROGRESS=1 FEATURELEVEL=3
[2021.10.30-19.41.05:587][ 98]LightingResults: New page: Lighting Build
[2021.10.30-19.41.05:587][ 98]LoadErrors: New page: Loading map: Level1.umap
[2021.10.30-19.41.05:766][ 98]LogWorld: UWorld::CleanupWorld for Minimal_Default, bSessionEnded=true, bCleanupResources=true
[2021.10.30-19.41.05:852][ 98]LogSlate: InvalidateAllWidgets triggered.  All widgets were invalidated
[2021.10.30-19.41.05:866][ 98]MapCheck: New page: Map Check
[2021.10.30-19.41.05:866][ 98]LightingResults: New page: Lighting Build
[2021.10.30-19.41.05:938][ 98]LogAudio: Display: Audio Device unregistered from world 'None'.
[2021.10.30-19.41.06:187][ 98]LogUObjectHash: Compacting FUObjectHashTables data took   2.44ms
[2021.10.30-19.41.06:211][ 98]LogAudio: Display: Audio Device (ID: 1) registered with world 'Level1'.
[2021.10.30-19.41.06:359][ 98]LogEditorServer: Finished looking for orphan Actors (0.000 secs)
[2021.10.30-19.41.06:359][ 98]LogAIModule: Creating AISystem for world Level1
[2021.10.30-19.41.06:406][ 98]LogUObjectHash: Compacting FUObjectHashTables data took   2.37ms
[2021.10.30-19.41.06:430][ 98]Cmd: MAP CHECKDEP NOCLEARLOG
[2021.10.30-19.41.06:436][ 98]MapCheck: Map check complete: 0 Error(s), 0 Warning(s), took 6.057ms to complete.
[2021.10.30-19.41.06:436][ 98]LogFileHelpers: Loading map 'Level1' took 0.850
